15:58:38.117 [DEBUG] [org.gradle.launcher.daemon.bootstrap.DaemonMain] Assuming the daemon was started with following jvm opts: [-XX:+HeapDumpOnOutOfMemoryError, -Xmx1024m, -Dfile.encoding=UTF-8, -Duser.country, -Duser.language=en, -Duser.variant]
15:58:38.588 [INFO] [org.gradle.launcher.daemon.server.Daemon] start() called on daemon - DefaultDaemonContext[uid=6ec3275d-543c-4366-8c4e-fed0f7e390c7,javaHome=/opt/jdk1.8.0_172,daemonRegistryDir=/api-gateway/cache/daemon,pid=27,idleTimeout=10800000,daemonOpts=-XX:+HeapDumpOnOutOfMemoryError,-Xmx1024m,-Dfile.encoding=UTF-8,-Duser.country,-Duser.language=en,-Duser.variant]
15:58:38.665 [DEBUG] [org.gradle.internal.remote.internal.inet.InetAddresses] Adding IP addresses for network interface eth0
15:58:38.679 [DEBUG] [org.gradle.internal.remote.internal.inet.InetAddresses] Is this a loopback interface? false
15:58:38.683 [DEBUG] [org.gradle.internal.remote.internal.inet.InetAddresses] Is this a multicast interface? true
15:58:38.696 [DEBUG] [org.gradle.internal.remote.internal.inet.InetAddresses] Adding remote address /172.18.0.5
15:58:38.706 [DEBUG] [org.gradle.internal.remote.internal.inet.InetAddresses] Adding remote multicast interface eth0
15:58:38.711 [DEBUG] [org.gradle.internal.remote.internal.inet.InetAddresses] Adding IP addresses for network interface lo
15:58:38.716 [DEBUG] [org.gradle.internal.remote.internal.inet.InetAddresses] Is this a loopback interface? true
15:58:38.722 [DEBUG] [org.gradle.internal.remote.internal.inet.InetAddresses] Is this a multicast interface? false
15:58:38.728 [DEBUG] [org.gradle.internal.remote.internal.inet.InetAddresses] Adding loopback address /127.0.0.1
15:58:38.739 [DEBUG] [org.gradle.internal.remote.internal.inet.TcpIncomingConnector] Listening on [5b336240-dcb9-4cea-acab-31345eb22478 port:36215, addresses:[/127.0.0.1]].
15:58:38.762 [DEBUG] [org.gradle.launcher.daemon.server.Daemon] Daemon starting at: Fri Jun 15 15:58:38 GMT 2018, with address: [5b336240-dcb9-4cea-acab-31345eb22478 port:36215, addresses:[/127.0.0.1]]
15:58:38.777 [INFO] [org.gradle.launcher.daemon.server.DaemonRegistryUpdater] Advertising the daemon address to the clients: [5b336240-dcb9-4cea-acab-31345eb22478 port:36215, addresses:[/127.0.0.1]]
15:58:38.801 [DEBUG] [org.gradle.launcher.daemon.server.DaemonRegistryUpdater] Advertised daemon context: DefaultDaemonContext[uid=6ec3275d-543c-4366-8c4e-fed0f7e390c7,javaHome=/opt/jdk1.8.0_172,daemonRegistryDir=/api-gateway/cache/daemon,pid=27,idleTimeout=10800000,daemonOpts=-XX:+HeapDumpOnOutOfMemoryError,-Xmx1024m,-Dfile.encoding=UTF-8,-Duser.country,-Duser.language=en,-Duser.variant]
15:58:38.808 [DEBUG] [org.gradle.launcher.daemon.registry.PersistentDaemonRegistry] Storing daemon address: [5b336240-dcb9-4cea-acab-31345eb22478 port:36215, addresses:[/127.0.0.1]], context: DefaultDaemonContext[uid=6ec3275d-543c-4366-8c4e-fed0f7e390c7,javaHome=/opt/jdk1.8.0_172,daemonRegistryDir=/api-gateway/cache/daemon,pid=27,idleTimeout=10800000,daemonOpts=-XX:+HeapDumpOnOutOfMemoryError,-Xmx1024m,-Dfile.encoding=UTF-8,-Duser.country,-Duser.language=en,-Duser.variant]
15:58:38.850 [DEBUG] [org.gradle.cache.internal.DefaultFileLockManager] Waiting to acquire exclusive lock on daemon addresses registry.
15:58:38.862 [DEBUG] [org.gradle.cache.internal.DefaultFileLockManager] Lock acquired on daemon addresses registry.
15:58:38.925 [DEBUG] [org.gradle.cache.internal.DefaultFileLockManager] Releasing lock on daemon addresses registry.
15:58:38.933 [LIFECYCLE] [org.gradle.launcher.daemon.server.Daemon] Daemon server started.
15:58:38.986 [DEBUG] [org.gradle.launcher.daemon.bootstrap.DaemonStartupCommunication] Completed writing the daemon greeting. Closing streams...
15:58:39.014 [DEBUG] [org.gradle.launcher.daemon.server.Daemon] stopOnExpiration() called on daemon
15:58:39.044 [DEBUG] [org.gradle.internal.remote.internal.inet.TcpIncomingConnector] Accepted connection from /127.0.0.1:35088 to /127.0.0.1:36215.
15:58:39.083 [DEBUG] [org.gradle.launcher.daemon.server.Daemon] awaitExpiration() called on daemon
15:58:39.123 [DEBUG] [org.gradle.launcher.daemon.server.DaemonStateCoordinator] daemon is running. Sleeping until state changes.
15:58:39.901 [DEBUG] [org.gradle.launcher.daemon.server.SynchronizedDispatchConnection] thread 14: received class org.gradle.launcher.daemon.protocol.Build
15:58:39.906 [DEBUG] [org.gradle.launcher.daemon.server.DefaultDaemonConnection] thread 14: Received non-IO message from client: Build{id=726e42f7-341f-4440-8173-0096c92f6d31.1, currentDir=/api-gateway}
15:58:39.929 [INFO] [org.gradle.launcher.daemon.server.DefaultIncomingConnectionHandler] Received command: Build{id=726e42f7-341f-4440-8173-0096c92f6d31.1, currentDir=/api-gateway}.
15:58:39.941 [DEBUG] [org.gradle.launcher.daemon.server.DefaultIncomingConnectionHandler] Starting executing command: Build{id=726e42f7-341f-4440-8173-0096c92f6d31.1, currentDir=/api-gateway} with connection: socket connection from /127.0.0.1:36215 to /127.0.0.1:35088.
15:58:39.965 [ERROR] [org.gradle.launcher.daemon.server.DaemonStateCoordinator] Command execution: started DaemonCommandExecution[command = Build{id=726e42f7-341f-4440-8173-0096c92f6d31.1, currentDir=/api-gateway}, connection = DefaultDaemonConnection: socket connection from /127.0.0.1:36215 to /127.0.0.1:35088] after 0.0 minutes of idle
15:58:39.977 [INFO] [org.gradle.launcher.daemon.server.DaemonRegistryUpdater] Marking the daemon as busy, address: [5b336240-dcb9-4cea-acab-31345eb22478 port:36215, addresses:[/127.0.0.1]]
15:58:39.989 [DEBUG] [org.gradle.launcher.daemon.registry.PersistentDaemonRegistry] Marking busy by address: [5b336240-dcb9-4cea-acab-31345eb22478 port:36215, addresses:[/127.0.0.1]]
15:58:40.019 [DEBUG] [org.gradle.cache.internal.DefaultFileLockManager] Waiting to acquire exclusive lock on daemon addresses registry.
15:58:40.024 [DEBUG] [org.gradle.cache.internal.DefaultFileLockManager] Lock acquired on daemon addresses registry.
15:58:40.044 [DEBUG] [org.gradle.cache.internal.DefaultFileLockManager] Releasing lock on daemon addresses registry.
15:58:40.050 [DEBUG] [org.gradle.launcher.daemon.server.DaemonStateCoordinator] resetting idle timer
15:58:40.056 [DEBUG] [org.gradle.launcher.daemon.server.DaemonStateCoordinator] daemon is running. Sleeping until state changes.
15:58:40.068 [INFO] [org.gradle.launcher.daemon.server.exec.StartBuildOrRespondWithBusy] Daemon is about to start building Build{id=726e42f7-341f-4440-8173-0096c92f6d31.1, currentDir=/api-gateway}. Dispatching build started information...
15:58:40.116 [DEBUG] [org.gradle.launcher.daemon.server.SynchronizedDispatchConnection] thread 16: dispatching class org.gradle.launcher.daemon.protocol.BuildStarted
15:58:40.208 [DEBUG] [org.gradle.launcher.daemon.server.exec.EstablishBuildEnvironment] Configuring env variables: {PATH=/usr/local/sbin:/usr/local/bin:/usr/sbin:/usr/bin:/sbin:/bin:/opt/jdk/bin, JAVA_JCE=unlimited, SPRING_PROFILES_ACTIVE=dev, JAVA_HOME=/opt/jdk, OLDPWD=/api-gateway, GLIBC_VERSION=2.27-r0, LANG=C.UTF-8, JAVA_VERSION_MAJOR=8, GRADLE_USER_HOME=cache, HOSTNAME=81addfa7ce9e, GLIBC_REPO=https://github.com/sgerrand/alpine-pkg-glibc, JAVA_VERSION_MINOR=172, PWD=/api-gateway, JAVA_PACKAGE=jdk, JAVA_VERSION_BUILD=11, HOME=/root, SHLVL=1}
15:58:40.299 [DEBUG] [org.gradle.launcher.daemon.server.SynchronizedDispatchConnection] thread 14: received class org.gradle.launcher.daemon.protocol.CloseInput
15:58:40.320 [DEBUG] [org.gradle.launcher.daemon.server.DefaultDaemonConnection] thread 14: Received IO message from client: org.gradle.launcher.daemon.protocol.CloseInput@17c6dddb
15:58:40.356 [DEBUG] [org.gradle.launcher.daemon.server.exec.LogToClient] About to start relaying all logs to the client via the connection.
15:58:40.362 [INFO] [org.gradle.launcher.daemon.server.exec.LogToClient] The client will now receive all logging from the daemon (pid: 27). The daemon log file: /api-gateway/cache/daemon/4.5.1/daemon-27.out.log
15:58:40.369 [INFO] [org.gradle.launcher.daemon.server.exec.LogAndCheckHealth] Starting build in new daemon [memory: 954.7 MB]
15:58:40.391 [INFO] [org.gradle.launcher.daemon.server.exec.ForwardClientInput] Closing daemon's stdin at end of input.
15:58:40.399 [INFO] [org.gradle.launcher.daemon.server.exec.ForwardClientInput] The daemon will no longer process any standard input.
15:58:40.419 [DEBUG] [org.gradle.launcher.daemon.server.exec.ExecuteBuild] The daemon has started executing the build.
15:58:40.437 [DEBUG] [org.gradle.launcher.daemon.server.exec.ExecuteBuild] Executing build with daemon context: DefaultDaemonContext[uid=6ec3275d-543c-4366-8c4e-fed0f7e390c7,javaHome=/opt/jdk1.8.0_172,daemonRegistryDir=/api-gateway/cache/daemon,pid=27,idleTimeout=10800000,daemonOpts=-XX:+HeapDumpOnOutOfMemoryError,-Xmx1024m,-Dfile.encoding=UTF-8,-Duser.country,-Duser.language=en,-Duser.variant]
:compileJava
:processResources UP-TO-DATE
:classes
:bootRun
2018-06-15 15:59:52.470  INFO 65 --- [           main] s.c.a.AnnotationConfigApplicationContext : Refreshing org.springframework.context.annotation.AnnotationConfigApplicationContext@21de60b4: startup date [Fri Jun 15 15:59:52 GMT 2018]; root of context hierarchy
2018-06-15 15:59:55.827  INFO 65 --- [           main] f.a.AutowiredAnnotationBeanPostProcessor : JSR-330 'javax.inject.Inject' annotation found and supported for autowiring
2018-06-15 15:59:56.323  INFO 65 --- [           main] trationDelegate$BeanPostProcessorChecker : Bean 'configurationPropertiesRebinderAutoConfiguration' of type [org.springframework.cloud.autoconfigure.ConfigurationPropertiesRebinderAutoConfiguration$$EnhancerBySpringCGLIB$$db6684ed] is not eligible for getting processed by all BeanPostProcessors (for example: not eligible for auto-proxying)

  .   ____          _            __ _ _
 /\\ / ___'_ __ _ _(_)_ __  __ _ \ \ \ \
( ( )\___ | '_ | '_| | '_ \/ _` | \ \ \ \
 \\/  ___)| |_)| | | | | || (_| |  ) ) ) )
  '  |____| .__|_| |_|_| |_\__, | / / / /
 =========|_|==============|___/=/_/_/_/
[32m :: Spring Boot :: [39m      [2m (v1.5.8.RELEASE)[0;39m

[2m2018-06-15 16:00:00.169[0;39m [32m INFO[0;39m [35m65[0;39m [2m---[0;39m [2m[           main][0;39m [36mc.e.apigateway.ZuulGatewayApplication   [0;39m [2m:[0;39m The following profiles are active: dev
[2m2018-06-15 16:00:00.332[0;39m [32m INFO[0;39m [35m65[0;39m [2m---[0;39m [2m[           main][0;39m [36mationConfigEmbeddedWebApplicationContext[0;39m [2m:[0;39m Refreshing org.springframework.boot.context.embedded.AnnotationConfigEmbeddedWebApplicationContext@5812f68b: startup date [Fri Jun 15 16:00:00 GMT 2018]; parent: org.springframework.context.annotation.AnnotationConfigApplicationContext@21de60b4
[2m2018-06-15 16:00:07.937[0;39m [32m INFO[0;39m [35m65[0;39m [2m---[0;39m [2m[           main][0;39m [36mo.s.b.f.s.DefaultListableBeanFactory    [0;39m [2m:[0;39m Overriding bean definition for bean 'counterFactory' with a different definition: replacing [Root bean: class [null]; scope=; abstract=false; lazyInit=false; autowireMode=3; dependencyCheck=0; autowireCandidate=true; primary=false; factoryBeanName=org.springframework.cloud.netflix.zuul.ZuulServerAutoConfiguration$ZuulMetricsConfiguration; factoryMethodName=counterFactory; initMethodName=null; destroyMethodName=(inferred); defined in class path resource [org/springframework/cloud/netflix/zuul/ZuulServerAutoConfiguration$ZuulMetricsConfiguration.class]] with [Root bean: class [null]; scope=; abstract=false; lazyInit=false; autowireMode=3; dependencyCheck=0; autowireCandidate=true; primary=false; factoryBeanName=org.springframework.cloud.netflix.zuul.ZuulServerAutoConfiguration$ZuulCounterFactoryConfiguration; factoryMethodName=counterFactory; initMethodName=null; destroyMethodName=(inferred); defined in class path resource [org/springframework/cloud/netflix/zuul/ZuulServerAutoConfiguration$ZuulCounterFactoryConfiguration.class]]
[2m2018-06-15 16:00:10.285[0;39m [32m INFO[0;39m [35m65[0;39m [2m---[0;39m [2m[           main][0;39m [36mo.s.cloud.context.scope.GenericScope    [0;39m [2m:[0;39m BeanFactory id=0b8c75a2-4170-3528-8322-bed24cdeb164
[2m2018-06-15 16:00:10.529[0;39m [32m INFO[0;39m [35m65[0;39m [2m---[0;39m [2m[           main][0;39m [36mf.a.AutowiredAnnotationBeanPostProcessor[0;39m [2m:[0;39m JSR-330 'javax.inject.Inject' annotation found and supported for autowiring
[2m2018-06-15 16:00:12.243[0;39m [32m INFO[0;39m [35m65[0;39m [2m---[0;39m [2m[           main][0;39m [36mtrationDelegate$BeanPostProcessorChecker[0;39m [2m:[0;39m Bean 'org.springframework.cloud.netflix.metrics.MetricsInterceptorConfiguration$MetricsRestTemplateConfiguration' of type [org.springframework.cloud.netflix.metrics.MetricsInterceptorConfiguration$MetricsRestTemplateConfiguration$$EnhancerBySpringCGLIB$$f1792831] is not eligible for getting processed by all BeanPostProcessors (for example: not eligible for auto-proxying)
[2m2018-06-15 16:00:13.594[0;39m [32m INFO[0;39m [35m65[0;39m [2m---[0;39m [2m[           main][0;39m [36mtrationDelegate$BeanPostProcessorChecker[0;39m [2m:[0;39m Bean 'org.springframework.cloud.autoconfigure.ConfigurationPropertiesRebinderAutoConfiguration' of type [org.springframework.cloud.autoconfigure.ConfigurationPropertiesRebinderAutoConfiguration$$EnhancerBySpringCGLIB$$db6684ed] is not eligible for getting processed by all BeanPostProcessors (for example: not eligible for auto-proxying)
[2m2018-06-15 16:00:16.876[0;39m [32m INFO[0;39m [35m65[0;39m [2m---[0;39m [2m[           main][0;39m [36ms.b.c.e.t.TomcatEmbeddedServletContainer[0;39m [2m:[0;39m Tomcat initialized with port(s): 8080 (http)
[2m2018-06-15 16:00:16.984[0;39m [32m INFO[0;39m [35m65[0;39m [2m---[0;39m [2m[           main][0;39m [36mo.apache.catalina.core.StandardService  [0;39m [2m:[0;39m Starting service [Tomcat]
[2m2018-06-15 16:00:17.002[0;39m [32m INFO[0;39m [35m65[0;39m [2m---[0;39m [2m[           main][0;39m [36morg.apache.catalina.core.StandardEngine [0;39m [2m:[0;39m Starting Servlet Engine: Apache Tomcat/8.5.23
[2m2018-06-15 16:00:18.223[0;39m [32m INFO[0;39m [35m65[0;39m [2m---[0;39m [2m[ost-startStop-1][0;39m [36mo.a.c.c.C.[Tomcat].[localhost].[/]      [0;39m [2m:[0;39m Initializing Spring embedded WebApplicationContext
[2m2018-06-15 16:00:18.224[0;39m [32m INFO[0;39m [35m65[0;39m [2m---[0;39m [2m[ost-startStop-1][0;39m [36mo.s.web.context.ContextLoader           [0;39m [2m:[0;39m Root WebApplicationContext: initialization completed in 17893 ms
[2m2018-06-15 16:00:23.864[0;39m [32m INFO[0;39m [35m65[0;39m [2m---[0;39m [2m[ost-startStop-1][0;39m [36mo.s.b.w.servlet.ServletRegistrationBean [0;39m [2m:[0;39m Mapping servlet: 'dispatcherServlet' to [/]
[2m2018-06-15 16:00:23.874[0;39m [32m INFO[0;39m [35m65[0;39m [2m---[0;39m [2m[ost-startStop-1][0;39m [36mo.s.b.w.servlet.ServletRegistrationBean [0;39m [2m:[0;39m Mapping servlet: 'zuulServlet' to [/zuul/*]
[2m2018-06-15 16:00:23.916[0;39m [32m INFO[0;39m [35m65[0;39m [2m---[0;39m [2m[ost-startStop-1][0;39m [36mo.s.b.w.servlet.FilterRegistrationBean  [0;39m [2m:[0;39m Mapping filter: 'metricsFilter' to: [/*]
[2m2018-06-15 16:00:23.916[0;39m [32m INFO[0;39m [35m65[0;39m [2m---[0;39m [2m[ost-startStop-1][0;39m [36mo.s.b.w.servlet.FilterRegistrationBean  [0;39m [2m:[0;39m Mapping filter: 'characterEncodingFilter' to: [/*]
[2m2018-06-15 16:00:23.928[0;39m [32m INFO[0;39m [35m65[0;39m [2m---[0;39m [2m[ost-startStop-1][0;39m [36mo.s.b.w.servlet.FilterRegistrationBean  [0;39m [2m:[0;39m Mapping filter: 'hiddenHttpMethodFilter' to: [/*]
[2m2018-06-15 16:00:23.939[0;39m [32m INFO[0;39m [35m65[0;39m [2m---[0;39m [2m[ost-startStop-1][0;39m [36mo.s.b.w.servlet.FilterRegistrationBean  [0;39m [2m:[0;39m Mapping filter: 'httpPutFormContentFilter' to: [/*]
[2m2018-06-15 16:00:23.939[0;39m [32m INFO[0;39m [35m65[0;39m [2m---[0;39m [2m[ost-startStop-1][0;39m [36mo.s.b.w.servlet.FilterRegistrationBean  [0;39m [2m:[0;39m Mapping filter: 'requestContextFilter' to: [/*]
[2m2018-06-15 16:00:23.943[0;39m [32m INFO[0;39m [35m65[0;39m [2m---[0;39m [2m[ost-startStop-1][0;39m [36mo.s.b.w.servlet.FilterRegistrationBean  [0;39m [2m:[0;39m Mapping filter: 'webRequestLoggingFilter' to: [/*]
[2m2018-06-15 16:00:23.946[0;39m [32m INFO[0;39m [35m65[0;39m [2m---[0;39m [2m[ost-startStop-1][0;39m [36mo.s.b.w.servlet.FilterRegistrationBean  [0;39m [2m:[0;39m Mapping filter: 'applicationContextIdFilter' to: [/*]
[2m2018-06-15 16:00:24.952[0;39m [33m WARN[0;39m [35m65[0;39m [2m---[0;39m [2m[           main][0;39m [36mc.n.c.sources.URLConfigurationSource    [0;39m [2m:[0;39m No URLs will be polled as dynamic configuration sources.
[2m2018-06-15 16:00:24.956[0;39m [32m INFO[0;39m [35m65[0;39m [2m---[0;39m [2m[           main][0;39m [36mc.n.c.sources.URLConfigurationSource    [0;39m [2m:[0;39m To enable URLs as dynamic configuration sources, define System property archaius.configurationSource.additionalUrls or make config.properties available on classpath.
[2m2018-06-15 16:00:25.068[0;39m [32m INFO[0;39m [35m65[0;39m [2m---[0;39m [2m[           main][0;39m [36mc.netflix.config.DynamicPropertyFactory [0;39m [2m:[0;39m DynamicPropertyFactory is initialized with configuration sources: com.netflix.config.ConcurrentCompositeConfiguration@7cbeac65
[2m2018-06-15 16:00:28.019[0;39m [33m WARN[0;39m [35m65[0;39m [2m---[0;39m [2m[           main][0;39m [36mc.n.c.sources.URLConfigurationSource    [0;39m [2m:[0;39m No URLs will be polled as dynamic configuration sources.
[2m2018-06-15 16:00:28.032[0;39m [32m INFO[0;39m [35m65[0;39m [2m---[0;39m [2m[           main][0;39m [36mc.n.c.sources.URLConfigurationSource    [0;39m [2m:[0;39m To enable URLs as dynamic configuration sources, define System property archaius.configurationSource.additionalUrls or make config.properties available on classpath.
[2m2018-06-15 16:00:30.800[0;39m [32m INFO[0;39m [35m65[0;39m [2m---[0;39m [2m[           main][0;39m [36ms.w.s.m.m.a.RequestMappingHandlerAdapter[0;39m [2m:[0;39m Looking for @ControllerAdvice: org.springframework.boot.context.embedded.AnnotationConfigEmbeddedWebApplicationContext@5812f68b: startup date [Fri Jun 15 16:00:00 GMT 2018]; parent: org.springframework.context.annotation.AnnotationConfigApplicationContext@21de60b4
[2m2018-06-15 16:00:31.826[0;39m [32m INFO[0;39m [35m65[0;39m [2m---[0;39m [2m[           main][0;39m [36ms.w.s.m.m.a.RequestMappingHandlerMapping[0;39m [2m:[0;39m Mapped "{[/error],produces=[text/html]}" onto public org.springframework.web.servlet.ModelAndView org.springframework.boot.autoconfigure.web.BasicErrorController.errorHtml(javax.servlet.http.HttpServletRequest,javax.servlet.http.HttpServletResponse)
[2m2018-06-15 16:00:31.837[0;39m [32m INFO[0;39m [35m65[0;39m [2m---[0;39m [2m[           main][0;39m [36ms.w.s.m.m.a.RequestMappingHandlerMapping[0;39m [2m:[0;39m Mapped "{[/error]}" onto public org.springframework.http.ResponseEntity<java.util.Map<java.lang.String, java.lang.Object>> org.springframework.boot.autoconfigure.web.BasicErrorController.error(javax.servlet.http.HttpServletRequest)
[2m2018-06-15 16:00:32.360[0;39m [32m INFO[0;39m [35m65[0;39m [2m---[0;39m [2m[           main][0;39m [36mo.s.w.s.handler.SimpleUrlHandlerMapping [0;39m [2m:[0;39m Mapped URL path [/webjars/**] onto handler of type [class org.springframework.web.servlet.resource.ResourceHttpRequestHandler]
[2m2018-06-15 16:00:32.361[0;39m [32m INFO[0;39m [35m65[0;39m [2m---[0;39m [2m[           main][0;39m [36mo.s.w.s.handler.SimpleUrlHandlerMapping [0;39m [2m:[0;39m Mapped URL path [/**] onto handler of type [class org.springframework.web.servlet.resource.ResourceHttpRequestHandler]
[2m2018-06-15 16:00:32.975[0;39m [32m INFO[0;39m [35m65[0;39m [2m---[0;39m [2m[           main][0;39m [36mo.s.w.s.handler.SimpleUrlHandlerMapping [0;39m [2m:[0;39m Mapped URL path [/**/favicon.ico] onto handler of type [class org.springframework.web.servlet.resource.ResourceHttpRequestHandler]
[2m2018-06-15 16:00:41.543[0;39m [32m INFO[0;39m [35m65[0;39m [2m---[0;39m [2m[           main][0;39m [36mo.s.b.a.e.mvc.EndpointHandlerMapping    [0;39m [2m:[0;39m Mapped "{[/heapdump || /heapdump.json],methods=[GET],produces=[application/octet-stream]}" onto public void org.springframework.boot.actuate.endpoint.mvc.HeapdumpMvcEndpoint.invoke(boolean,javax.servlet.http.HttpServletRequest,javax.servlet.http.HttpServletResponse) throws java.io.IOException,javax.servlet.ServletException
[2m2018-06-15 16:00:41.558[0;39m [32m INFO[0;39m [35m65[0;39m [2m---[0;39m [2m[           main][0;39m [36mo.s.b.a.e.mvc.EndpointHandlerMapping    [0;39m [2m:[0;39m Mapped "{[/info || /info.json],methods=[GET],produces=[application/vnd.spring-boot.actuator.v1+json || application/json]}" onto public java.lang.Object org.springframework.boot.actuate.endpoint.mvc.EndpointMvcAdapter.invoke()
[2m2018-06-15 16:00:41.564[0;39m [32m INFO[0;39m [35m65[0;39m [2m---[0;39m [2m[           main][0;39m [36mo.s.b.a.e.mvc.EndpointHandlerMapping    [0;39m [2m:[0;39m Mapped "{[/autoconfig || /autoconfig.json],methods=[GET],produces=[application/vnd.spring-boot.actuator.v1+json || application/json]}" onto public java.lang.Object org.springframework.boot.actuate.endpoint.mvc.EndpointMvcAdapter.invoke()
[2m2018-06-15 16:00:41.595[0;39m [32m INFO[0;39m [35m65[0;39m [2m---[0;39m [2m[           main][0;39m [36mo.s.b.a.e.mvc.EndpointHandlerMapping    [0;39m [2m:[0;39m Mapped "{[/mappings || /mappings.json],methods=[GET],produces=[application/vnd.spring-boot.actuator.v1+json || application/json]}" onto public java.lang.Object org.springframework.boot.actuate.endpoint.mvc.EndpointMvcAdapter.invoke()
[2m2018-06-15 16:00:41.600[0;39m [32m INFO[0;39m [35m65[0;39m [2m---[0;39m [2m[           main][0;39m [36mo.s.b.a.e.mvc.EndpointHandlerMapping    [0;39m [2m:[0;39m Mapped "{[/metrics/{name:.*}],methods=[GET],produces=[application/vnd.spring-boot.actuator.v1+json || application/json]}" onto public java.lang.Object org.springframework.boot.actuate.endpoint.mvc.MetricsMvcEndpoint.value(java.lang.String)
[2m2018-06-15 16:00:41.606[0;39m [32m INFO[0;39m [35m65[0;39m [2m---[0;39m [2m[           main][0;39m [36mo.s.b.a.e.mvc.EndpointHandlerMapping    [0;39m [2m:[0;39m Mapped "{[/metrics || /metrics.json],methods=[GET],produces=[application/vnd.spring-boot.actuator.v1+json || application/json]}" onto public java.lang.Object org.springframework.boot.actuate.endpoint.mvc.EndpointMvcAdapter.invoke()
[2m2018-06-15 16:00:41.620[0;39m [32m INFO[0;39m [35m65[0;39m [2m---[0;39m [2m[           main][0;39m [36mo.s.b.a.e.mvc.EndpointHandlerMapping    [0;39m [2m:[0;39m Mapped "{[/features || /features.json],methods=[GET],produces=[application/vnd.spring-boot.actuator.v1+json || application/json]}" onto public java.lang.Object org.springframework.boot.actuate.endpoint.mvc.EndpointMvcAdapter.invoke()
[2m2018-06-15 16:00:41.641[0;39m [32m INFO[0;39m [35m65[0;39m [2m---[0;39m [2m[           main][0;39m [36mo.s.b.a.e.mvc.EndpointHandlerMapping    [0;39m [2m:[0;39m Mapped "{[/archaius || /archaius.json],methods=[GET],produces=[application/vnd.spring-boot.actuator.v1+json || application/json]}" onto public java.lang.Object org.springframework.boot.actuate.endpoint.mvc.EndpointMvcAdapter.invoke()
[2m2018-06-15 16:00:41.668[0;39m [32m INFO[0;39m [35m65[0;39m [2m---[0;39m [2m[           main][0;39m [36mo.s.b.a.e.mvc.EndpointHandlerMapping    [0;39m [2m:[0;39m Mapped "{[/loggers/{name:.*}],methods=[GET],produces=[application/vnd.spring-boot.actuator.v1+json || application/json]}" onto public java.lang.Object org.springframework.boot.actuate.endpoint.mvc.LoggersMvcEndpoint.get(java.lang.String)
[2m2018-06-15 16:00:41.677[0;39m [32m INFO[0;39m [35m65[0;39m [2m---[0;39m [2m[           main][0;39m [36mo.s.b.a.e.mvc.EndpointHandlerMapping    [0;39m [2m:[0;39m Mapped "{[/loggers/{name:.*}],methods=[POST],consumes=[application/vnd.spring-boot.actuator.v1+json || application/json],produces=[application/vnd.spring-boot.actuator.v1+json || application/json]}" onto public java.lang.Object org.springframework.boot.actuate.endpoint.mvc.LoggersMvcEndpoint.set(java.lang.String,java.util.Map<java.lang.String, java.lang.String>)
[2m2018-06-15 16:00:41.691[0;39m [32m INFO[0;39m [35m65[0;39m [2m---[0;39m [2m[           main][0;39m [36mo.s.b.a.e.mvc.EndpointHandlerMapping    [0;39m [2m:[0;39m Mapped "{[/loggers || /loggers.json],methods=[GET],produces=[application/vnd.spring-boot.actuator.v1+json || application/json]}" onto public java.lang.Object org.springframework.boot.actuate.endpoint.mvc.EndpointMvcAdapter.invoke()
[2m2018-06-15 16:00:41.725[0;39m [32m INFO[0;39m [35m65[0;39m [2m---[0;39m [2m[           main][0;39m [36mo.s.b.a.e.mvc.EndpointHandlerMapping    [0;39m [2m:[0;39m Mapped "{[/routes || /routes.json],methods=[GET],params=[format],produces=[application/vnd.spring-boot.actuator.v1+json || application/json]}" onto public java.lang.Object org.springframework.cloud.netflix.zuul.RoutesMvcEndpoint.invokeRouteDetails(java.lang.String)
[2m2018-06-15 16:00:41.750[0;39m [32m INFO[0;39m [35m65[0;39m [2m---[0;39m [2m[           main][0;39m [36mo.s.b.a.e.mvc.EndpointHandlerMapping    [0;39m [2m:[0;39m Mapped "{[/routes || /routes.json],methods=[POST]}" onto public java.lang.Object org.springframework.cloud.netflix.zuul.RoutesMvcEndpoint.reset()
[2m2018-06-15 16:00:41.758[0;39m [32m INFO[0;39m [35m65[0;39m [2m---[0;39m [2m[           main][0;39m [36mo.s.b.a.e.mvc.EndpointHandlerMapping    [0;39m [2m:[0;39m Mapped "{[/routes || /routes.json],methods=[GET],produces=[application/vnd.spring-boot.actuator.v1+json || application/json]}" onto public java.lang.Object org.springframework.boot.actuate.endpoint.mvc.EndpointMvcAdapter.invoke()
[2m2018-06-15 16:00:41.793[0;39m [32m INFO[0;39m [35m65[0;39m [2m---[0;39m [2m[           main][0;39m [36mo.s.b.a.e.mvc.EndpointHandlerMapping    [0;39m [2m:[0;39m Mapped "{[/filters || /filters.json],methods=[GET],produces=[application/vnd.spring-boot.actuator.v1+json || application/json]}" onto public java.lang.Object org.springframework.boot.actuate.endpoint.mvc.EndpointMvcAdapter.invoke()
[2m2018-06-15 16:00:41.806[0;39m [32m INFO[0;39m [35m65[0;39m [2m---[0;39m [2m[           main][0;39m [36mo.s.b.a.e.mvc.EndpointHandlerMapping    [0;39m [2m:[0;39m Mapped "{[/service-registry/instance-status],methods=[GET]}" onto public org.springframework.http.ResponseEntity org.springframework.cloud.client.serviceregistry.endpoint.ServiceRegistryEndpoint.getStatus()
[2m2018-06-15 16:00:41.807[0;39m [32m INFO[0;39m [35m65[0;39m [2m---[0;39m [2m[           main][0;39m [36mo.s.b.a.e.mvc.EndpointHandlerMapping    [0;39m [2m:[0;39m Mapped "{[/service-registry/instance-status],methods=[POST]}" onto public org.springframework.http.ResponseEntity<?> org.springframework.cloud.client.serviceregistry.endpoint.ServiceRegistryEndpoint.setStatus(java.lang.String)
[2m2018-06-15 16:00:41.830[0;39m [32m INFO[0;39m [35m65[0;39m [2m---[0;39m [2m[           main][0;39m [36mo.s.b.a.e.mvc.EndpointHandlerMapping    [0;39m [2m:[0;39m Mapped "{[/beans || /beans.json],methods=[GET],produces=[application/vnd.spring-boot.actuator.v1+json || application/json]}" onto public java.lang.Object org.springframework.boot.actuate.endpoint.mvc.EndpointMvcAdapter.invoke()
[2m2018-06-15 16:00:41.839[0;39m [32m INFO[0;39m [35m65[0;39m [2m---[0;39m [2m[           main][0;39m [36mo.s.b.a.e.mvc.EndpointHandlerMapping    [0;39m [2m:[0;39m Mapped "{[/refresh || /refresh.json],methods=[POST]}" onto public java.lang.Object org.springframework.cloud.endpoint.GenericPostableMvcEndpoint.invoke()
[2m2018-06-15 16:00:41.843[0;39m [32m INFO[0;39m [35m65[0;39m [2m---[0;39m [2m[           main][0;39m [36mo.s.b.a.e.mvc.EndpointHandlerMapping    [0;39m [2m:[0;39m Mapped "{[/trace || /trace.json],methods=[GET],produces=[application/vnd.spring-boot.actuator.v1+json || application/json]}" onto public java.lang.Object org.springframework.boot.actuate.endpoint.mvc.EndpointMvcAdapter.invoke()
[2m2018-06-15 16:00:41.848[0;39m [32m INFO[0;39m [35m65[0;39m [2m---[0;39m [2m[           main][0;39m [36mo.s.b.a.e.mvc.EndpointHandlerMapping    [0;39m [2m:[0;39m Mapped "{[/configprops || /configprops.json],methods=[GET],produces=[application/vnd.spring-boot.actuator.v1+json || application/json]}" onto public java.lang.Object org.springframework.boot.actuate.endpoint.mvc.EndpointMvcAdapter.invoke()
[2m2018-06-15 16:00:41.868[0;39m [32m INFO[0;39m [35m65[0;39m [2m---[0;39m [2m[           main][0;39m [36mo.s.b.a.e.mvc.EndpointHandlerMapping    [0;39m [2m:[0;39m Mapped "{[/health || /health.json],methods=[GET],produces=[application/vnd.spring-boot.actuator.v1+json || application/json]}" onto public java.lang.Object org.springframework.boot.actuate.endpoint.mvc.HealthMvcEndpoint.invoke(javax.servlet.http.HttpServletRequest,java.security.Principal)
[2m2018-06-15 16:00:41.872[0;39m [32m INFO[0;39m [35m65[0;39m [2m---[0;39m [2m[           main][0;39m [36mo.s.b.a.e.mvc.EndpointHandlerMapping    [0;39m [2m:[0;39m Mapped "{[/dump || /dump.json],methods=[GET],produces=[application/vnd.spring-boot.actuator.v1+json || application/json]}" onto public java.lang.Object org.springframework.boot.actuate.endpoint.mvc.EndpointMvcAdapter.invoke()
[2m2018-06-15 16:00:41.882[0;39m [32m INFO[0;39m [35m65[0;39m [2m---[0;39m [2m[           main][0;39m [36mo.s.b.a.e.mvc.EndpointHandlerMapping    [0;39m [2m:[0;39m Mapped "{[/hystrix.stream/**]}" onto public org.springframework.web.servlet.ModelAndView org.springframework.cloud.netflix.endpoint.ServletWrappingEndpoint.handle(javax.servlet.http.HttpServletRequest,javax.servlet.http.HttpServletResponse) throws java.lang.Exception
[2m2018-06-15 16:00:41.888[0;39m [32m INFO[0;39m [35m65[0;39m [2m---[0;39m [2m[           main][0;39m [36mo.s.b.a.e.mvc.EndpointHandlerMapping    [0;39m [2m:[0;39m Mapped "{[/env/{name:.*}],methods=[GET],produces=[application/vnd.spring-boot.actuator.v1+json || application/json]}" onto public java.lang.Object org.springframework.boot.actuate.endpoint.mvc.EnvironmentMvcEndpoint.value(java.lang.String)
[2m2018-06-15 16:00:41.913[0;39m [32m INFO[0;39m [35m65[0;39m [2m---[0;39m [2m[           main][0;39m [36mo.s.b.a.e.mvc.EndpointHandlerMapping    [0;39m [2m:[0;39m Mapped "{[/env || /env.json],methods=[GET],produces=[application/vnd.spring-boot.actuator.v1+json || application/json]}" onto public java.lang.Object org.springframework.boot.actuate.endpoint.mvc.EndpointMvcAdapter.invoke()
[2m2018-06-15 16:00:41.915[0;39m [32m INFO[0;39m [35m65[0;39m [2m---[0;39m [2m[           main][0;39m [36mo.s.b.a.e.mvc.EndpointHandlerMapping    [0;39m [2m:[0;39m Mapped "{[/env],methods=[POST]}" onto public java.lang.Object org.springframework.cloud.context.environment.EnvironmentManagerMvcEndpoint.value(java.util.Map<java.lang.String, java.lang.String>)
[2m2018-06-15 16:00:41.933[0;39m [32m INFO[0;39m [35m65[0;39m [2m---[0;39m [2m[           main][0;39m [36mo.s.b.a.e.mvc.EndpointHandlerMapping    [0;39m [2m:[0;39m Mapped "{[/env/reset],methods=[POST]}" onto public java.util.Map<java.lang.String, java.lang.Object> org.springframework.cloud.context.environment.EnvironmentManagerMvcEndpoint.reset()
[2m2018-06-15 16:00:41.937[0;39m [32m INFO[0;39m [35m65[0;39m [2m---[0;39m [2m[           main][0;39m [36mo.s.b.a.e.mvc.EndpointHandlerMapping    [0;39m [2m:[0;39m Mapped "{[/auditevents || /auditevents.json],methods=[GET],produces=[application/vnd.spring-boot.actuator.v1+json || application/json]}" onto public org.springframework.http.ResponseEntity<?> org.springframework.boot.actuate.endpoint.mvc.AuditEventsMvcEndpoint.findByPrincipalAndAfterAndType(java.lang.String,java.util.Date,java.lang.String)
[2m2018-06-15 16:00:45.790[0;39m [32m INFO[0;39m [35m65[0;39m [2m---[0;39m [2m[           main][0;39m [36mo.s.c.n.zuul.ZuulFilterInitializer      [0;39m [2m:[0;39m Starting filter initializer
[2m2018-06-15 16:00:46.036[0;39m [33m WARN[0;39m [35m65[0;39m [2m---[0;39m [2m[           main][0;39m [36marterDeprecationWarningAutoConfiguration[0;39m [2m:[0;39m spring-cloud-starter-eureka is deprecated as of Spring Cloud Netflix 1.4.0, please migrate to spring-cloud-starter-netflix-eureka
[2m2018-06-15 16:00:46.454[0;39m [32m INFO[0;39m [35m65[0;39m [2m---[0;39m [2m[           main][0;39m [36mo.s.j.e.a.AnnotationMBeanExporter       [0;39m [2m:[0;39m Registering beans for JMX exposure on startup
[2m2018-06-15 16:00:46.525[0;39m [32m INFO[0;39m [35m65[0;39m [2m---[0;39m [2m[           main][0;39m [36mo.s.j.e.a.AnnotationMBeanExporter       [0;39m [2m:[0;39m Bean with name 'environmentManager' has been autodetected for JMX exposure
[2m2018-06-15 16:00:46.559[0;39m [32m INFO[0;39m [35m65[0;39m [2m---[0;39m [2m[           main][0;39m [36mo.s.j.e.a.AnnotationMBeanExporter       [0;39m [2m:[0;39m Bean with name 'configurationPropertiesRebinder' has been autodetected for JMX exposure
[2m2018-06-15 16:00:46.574[0;39m [32m INFO[0;39m [35m65[0;39m [2m---[0;39m [2m[           main][0;39m [36mo.s.j.e.a.AnnotationMBeanExporter       [0;39m [2m:[0;39m Bean with name 'refreshEndpoint' has been autodetected for JMX exposure
[2m2018-06-15 16:00:46.580[0;39m [32m INFO[0;39m [35m65[0;39m [2m---[0;39m [2m[           main][0;39m [36mo.s.j.e.a.AnnotationMBeanExporter       [0;39m [2m:[0;39m Bean with name 'serviceRegistryEndpoint' has been autodetected for JMX exposure
[2m2018-06-15 16:00:46.590[0;39m [32m INFO[0;39m [35m65[0;39m [2m---[0;39m [2m[           main][0;39m [36mo.s.j.e.a.AnnotationMBeanExporter       [0;39m [2m:[0;39m Bean with name 'routesEndpoint' has been autodetected for JMX exposure
[2m2018-06-15 16:00:46.607[0;39m [32m INFO[0;39m [35m65[0;39m [2m---[0;39m [2m[           main][0;39m [36mo.s.j.e.a.AnnotationMBeanExporter       [0;39m [2m:[0;39m Bean with name 'routesMvcEndpoint' has been autodetected for JMX exposure
[2m2018-06-15 16:00:46.620[0;39m [32m INFO[0;39m [35m65[0;39m [2m---[0;39m [2m[           main][0;39m [36mo.s.j.e.a.AnnotationMBeanExporter       [0;39m [2m:[0;39m Bean with name 'filtersEndpoint' has been autodetected for JMX exposure
[2m2018-06-15 16:00:46.628[0;39m [32m INFO[0;39m [35m65[0;39m [2m---[0;39m [2m[           main][0;39m [36mo.s.j.e.a.AnnotationMBeanExporter       [0;39m [2m:[0;39m Bean with name 'refreshScope' has been autodetected for JMX exposure
[2m2018-06-15 16:00:46.654[0;39m [32m INFO[0;39m [35m65[0;39m [2m---[0;39m [2m[           main][0;39m [36mo.s.j.e.a.AnnotationMBeanExporter       [0;39m [2m:[0;39m Located managed bean 'environmentManager': registering with JMX server as MBean [org.springframework.cloud.context.environment:name=environmentManager,type=EnvironmentManager]
[2m2018-06-15 16:00:46.771[0;39m [32m INFO[0;39m [35m65[0;39m [2m---[0;39m [2m[           main][0;39m [36mo.s.j.e.a.AnnotationMBeanExporter       [0;39m [2m:[0;39m Located managed bean 'routesEndpoint': registering with JMX server as MBean [org.springframework.cloud.netflix.zuul:name=routesEndpoint,type=RoutesEndpoint]
[2m2018-06-15 16:00:46.817[0;39m [33m WARN[0;39m [35m65[0;39m [2m---[0;39m [2m[           main][0;39m [36mo.s.j.e.a.AnnotationMBeanExporter       [0;39m [2m:[0;39m Bean with key 'routesEndpoint' has been registered as an MBean but has no exposed attributes or operations
[2m2018-06-15 16:00:46.820[0;39m [32m INFO[0;39m [35m65[0;39m [2m---[0;39m [2m[           main][0;39m [36mo.s.j.e.a.AnnotationMBeanExporter       [0;39m [2m:[0;39m Located managed bean 'routesMvcEndpoint': registering with JMX server as MBean [org.springframework.cloud.netflix.zuul:name=routesMvcEndpoint,type=RoutesMvcEndpoint]
[2m2018-06-15 16:00:46.905[0;39m [32m INFO[0;39m [35m65[0;39m [2m---[0;39m [2m[           main][0;39m [36mo.s.j.e.a.AnnotationMBeanExporter       [0;39m [2m:[0;39m Located managed bean 'serviceRegistryEndpoint': registering with JMX server as MBean [org.springframework.cloud.client.serviceregistry.endpoint:name=serviceRegistryEndpoint,type=ServiceRegistryEndpoint]
[2m2018-06-15 16:00:46.952[0;39m [32m INFO[0;39m [35m65[0;39m [2m---[0;39m [2m[           main][0;39m [36mo.s.j.e.a.AnnotationMBeanExporter       [0;39m [2m:[0;39m Located managed bean 'filtersEndpoint': registering with JMX server as MBean [org.springframework.cloud.netflix.zuul:name=filtersEndpoint,type=FiltersEndpoint]
[2m2018-06-15 16:00:46.953[0;39m [33m WARN[0;39m [35m65[0;39m [2m---[0;39m [2m[           main][0;39m [36mo.s.j.e.a.AnnotationMBeanExporter       [0;39m [2m:[0;39m Bean with key 'filtersEndpoint' has been registered as an MBean but has no exposed attributes or operations
[2m2018-06-15 16:00:46.955[0;39m [32m INFO[0;39m [35m65[0;39m [2m---[0;39m [2m[           main][0;39m [36mo.s.j.e.a.AnnotationMBeanExporter       [0;39m [2m:[0;39m Located managed bean 'refreshScope': registering with JMX server as MBean [org.springframework.cloud.context.scope.refresh:name=refreshScope,type=RefreshScope]
[2m2018-06-15 16:00:47.052[0;39m [32m INFO[0;39m [35m65[0;39m [2m---[0;39m [2m[           main][0;39m [36mo.s.j.e.a.AnnotationMBeanExporter       [0;39m [2m:[0;39m Located managed bean 'configurationPropertiesRebinder': registering with JMX server as MBean [org.springframework.cloud.context.properties:name=configurationPropertiesRebinder,context=5812f68b,type=ConfigurationPropertiesRebinder]
[2m2018-06-15 16:00:47.064[0;39m [32m INFO[0;39m [35m65[0;39m [2m---[0;39m [2m[           main][0;39m [36mo.s.j.e.a.AnnotationMBeanExporter       [0;39m [2m:[0;39m Located managed bean 'refreshEndpoint': registering with JMX server as MBean [org.springframework.cloud.endpoint:name=refreshEndpoint,type=RefreshEndpoint]
[2m2018-06-15 16:00:47.769[0;39m [32m INFO[0;39m [35m65[0;39m [2m---[0;39m [2m[           main][0;39m [36mo.s.c.support.DefaultLifecycleProcessor [0;39m [2m:[0;39m Starting beans in phase 0
[2m2018-06-15 16:00:47.843[0;39m [32m INFO[0;39m [35m65[0;39m [2m---[0;39m [2m[           main][0;39m [36mo.s.c.n.eureka.InstanceInfoFactory      [0;39m [2m:[0;39m Setting initial instance status as: STARTING
[2m2018-06-15 16:00:48.170[0;39m [32m INFO[0;39m [35m65[0;39m [2m---[0;39m [2m[           main][0;39m [36mcom.netflix.discovery.DiscoveryClient   [0;39m [2m:[0;39m Initializing Eureka in region us-east-1
[2m2018-06-15 16:00:48.838[0;39m [32m INFO[0;39m [35m65[0;39m [2m---[0;39m [2m[           main][0;39m [36mc.n.d.provider.DiscoveryJerseyProvider  [0;39m [2m:[0;39m Using JSON encoding codec LegacyJacksonJson
[2m2018-06-15 16:00:48.838[0;39m [32m INFO[0;39m [35m65[0;39m [2m---[0;39m [2m[           main][0;39m [36mc.n.d.provider.DiscoveryJerseyProvider  [0;39m [2m:[0;39m Using JSON decoding codec LegacyJacksonJson
[2m2018-06-15 16:00:49.595[0;39m [32m INFO[0;39m [35m65[0;39m [2m---[0;39m [2m[           main][0;39m [36mc.n.d.provider.DiscoveryJerseyProvider  [0;39m [2m:[0;39m Using XML encoding codec XStreamXml
[2m2018-06-15 16:00:49.599[0;39m [32m INFO[0;39m [35m65[0;39m [2m---[0;39m [2m[           main][0;39m [36mc.n.d.provider.DiscoveryJerseyProvider  [0;39m [2m:[0;39m Using XML decoding codec XStreamXml
[2m2018-06-15 16:00:50.829[0;39m [32m INFO[0;39m [35m65[0;39m [2m---[0;39m [2m[           main][0;39m [36mc.n.d.s.r.aws.ConfigClusterResolver     [0;39m [2m:[0;39m Resolving eureka endpoints via configuration
[2m2018-06-15 16:00:50.904[0;39m [32m INFO[0;39m [35m65[0;39m [2m---[0;39m [2m[           main][0;39m [36mcom.netflix.discovery.DiscoveryClient   [0;39m [2m:[0;39m Disable delta property : false
[2m2018-06-15 16:00:50.905[0;39m [32m INFO[0;39m [35m65[0;39m [2m---[0;39m [2m[           main][0;39m [36mcom.netflix.discovery.DiscoveryClient   [0;39m [2m:[0;39m Single vip registry refresh property : null
[2m2018-06-15 16:00:50.905[0;39m [32m INFO[0;39m [35m65[0;39m [2m---[0;39m [2m[           main][0;39m [36mcom.netflix.discovery.DiscoveryClient   [0;39m [2m:[0;39m Force full registry fetch : false
[2m2018-06-15 16:00:50.905[0;39m [32m INFO[0;39m [35m65[0;39m [2m---[0;39m [2m[           main][0;39m [36mcom.netflix.discovery.DiscoveryClient   [0;39m [2m:[0;39m Application is null : false
[2m2018-06-15 16:00:50.905[0;39m [32m INFO[0;39m [35m65[0;39m [2m---[0;39m [2m[           main][0;39m [36mcom.netflix.discovery.DiscoveryClient   [0;39m [2m:[0;39m Registered Applications size is zero : true
[2m2018-06-15 16:00:50.905[0;39m [32m INFO[0;39m [35m65[0;39m [2m---[0;39m [2m[           main][0;39m [36mcom.netflix.discovery.DiscoveryClient   [0;39m [2m:[0;39m Application version is -1: true
[2m2018-06-15 16:00:50.905[0;39m [32m INFO[0;39m [35m65[0;39m [2m---[0;39m [2m[           main][0;39m [36mcom.netflix.discovery.DiscoveryClient   [0;39m [2m:[0;39m Getting all instance registry info from the eureka server
[2m2018-06-15 16:00:51.120[0;39m [32m INFO[0;39m [35m65[0;39m [2m---[0;39m [2m[           main][0;39m [36mcom.netflix.discovery.DiscoveryClient   [0;39m [2m:[0;39m The response status is 200
[2m2018-06-15 16:00:51.122[0;39m [32m INFO[0;39m [35m65[0;39m [2m---[0;39m [2m[           main][0;39m [36mcom.netflix.discovery.DiscoveryClient   [0;39m [2m:[0;39m Starting heartbeat executor: renew interval is: 30
[2m2018-06-15 16:00:51.127[0;39m [32m INFO[0;39m [35m65[0;39m [2m---[0;39m [2m[           main][0;39m [36mc.n.discovery.InstanceInfoReplicator    [0;39m [2m:[0;39m InstanceInfoReplicator onDemand update allowed rate per min is 4
[2m2018-06-15 16:00:51.130[0;39m [32m INFO[0;39m [35m65[0;39m [2m---[0;39m [2m[           main][0;39m [36mcom.netflix.discovery.DiscoveryClient   [0;39m [2m:[0;39m Discovery Client initialized at timestamp 1529078451129 with initial instances count: 0
[2m2018-06-15 16:00:51.225[0;39m [32m INFO[0;39m [35m65[0;39m [2m---[0;39m [2m[           main][0;39m [36mo.s.c.n.e.s.EurekaServiceRegistry       [0;39m [2m:[0;39m Registering application api-gateway with eureka with status UP
[2m2018-06-15 16:00:51.238[0;39m [32m INFO[0;39m [35m65[0;39m [2m---[0;39m [2m[           main][0;39m [36mcom.netflix.discovery.DiscoveryClient   [0;39m [2m:[0;39m Saw local status change event StatusChangeEvent [timestamp=1529078451238, current=UP, previous=STARTING]
[2m2018-06-15 16:00:51.252[0;39m [32m INFO[0;39m [35m65[0;39m [2m---[0;39m [2m[nfoReplicator-0][0;39m [36mcom.netflix.discovery.DiscoveryClient   [0;39m [2m:[0;39m DiscoveryClient_API-GATEWAY/81addfa7ce9e:api-gateway: registering service...
[2m2018-06-15 16:00:51.486[0;39m [32m INFO[0;39m [35m65[0;39m [2m---[0;39m [2m[nfoReplicator-0][0;39m [36mcom.netflix.discovery.DiscoveryClient   [0;39m [2m:[0;39m DiscoveryClient_API-GATEWAY/81addfa7ce9e:api-gateway - registration status: 204
[2m2018-06-15 16:00:51.499[0;39m [32m INFO[0;39m [35m65[0;39m [2m---[0;39m [2m[           main][0;39m [36mo.s.c.support.DefaultLifecycleProcessor [0;39m [2m:[0;39m Starting beans in phase 2147483647
[2m2018-06-15 16:00:51.522[0;39m [32m INFO[0;39m [35m65[0;39m [2m---[0;39m [2m[           main][0;39m [36mration$HystrixMetricsPollerConfiguration[0;39m [2m:[0;39m Starting poller
[2m2018-06-15 16:00:51.852[0;39m [32m INFO[0;39m [35m65[0;39m [2m---[0;39m [2m[           main][0;39m [36ms.b.c.e.t.TomcatEmbeddedServletContainer[0;39m [2m:[0;39m Tomcat started on port(s): 8080 (http)
[2m2018-06-15 16:00:51.854[0;39m [32m INFO[0;39m [35m65[0;39m [2m---[0;39m [2m[           main][0;39m [36m.s.c.n.e.s.EurekaAutoServiceRegistration[0;39m [2m:[0;39m Updating port to 8080
[2m2018-06-15 16:00:51.869[0;39m [32m INFO[0;39m [35m65[0;39m [2m---[0;39m [2m[           main][0;39m [36mc.e.apigateway.ZuulGatewayApplication   [0;39m [2m:[0;39m Started ZuulGatewayApplication in 63.578 seconds (JVM running for 67.011)
[2m2018-06-15 16:01:21.130[0;39m [32m INFO[0;39m [35m65[0;39m [2m---[0;39m [2m[freshExecutor-0][0;39m [36mcom.netflix.discovery.DiscoveryClient   [0;39m [2m:[0;39m Disable delta property : false
[2m2018-06-15 16:01:21.134[0;39m [32m INFO[0;39m [35m65[0;39m [2m---[0;39m [2m[freshExecutor-0][0;39m [36mcom.netflix.discovery.DiscoveryClient   [0;39m [2m:[0;39m Single vip registry refresh property : null
[2m2018-06-15 16:01:21.134[0;39m [32m INFO[0;39m [35m65[0;39m [2m---[0;39m [2m[freshExecutor-0][0;39m [36mcom.netflix.discovery.DiscoveryClient   [0;39m [2m:[0;39m Force full registry fetch : false
[2m2018-06-15 16:01:21.137[0;39m [32m INFO[0;39m [35m65[0;39m [2m---[0;39m [2m[freshExecutor-0][0;39m [36mcom.netflix.discovery.DiscoveryClient   [0;39m [2m:[0;39m Application is null : false
[2m2018-06-15 16:01:21.138[0;39m [32m INFO[0;39m [35m65[0;39m [2m---[0;39m [2m[freshExecutor-0][0;39m [36mcom.netflix.discovery.DiscoveryClient   [0;39m [2m:[0;39m Registered Applications size is zero : true
[2m2018-06-15 16:01:21.138[0;39m [32m INFO[0;39m [35m65[0;39m [2m---[0;39m [2m[freshExecutor-0][0;39m [36mcom.netflix.discovery.DiscoveryClient   [0;39m [2m:[0;39m Application version is -1: false
[2m2018-06-15 16:01:21.138[0;39m [32m INFO[0;39m [35m65[0;39m [2m---[0;39m [2m[freshExecutor-0][0;39m [36mcom.netflix.discovery.DiscoveryClient   [0;39m [2m:[0;39m Getting all instance registry info from the eureka server
[2m2018-06-15 16:01:21.543[0;39m [32m INFO[0;39m [35m65[0;39m [2m---[0;39m [2m[freshExecutor-0][0;39m [36mcom.netflix.discovery.DiscoveryClient   [0;39m [2m:[0;39m The response status is 200
