06:57:04.362 [DEBUG] [org.gradle.launcher.daemon.bootstrap.DaemonMain] Assuming the daemon was started with following jvm opts: [-XX:+HeapDumpOnOutOfMemoryError, -Xmx1024m, -Dfile.encoding=UTF-8, -Duser.country, -Duser.language=en, -Duser.variant]
06:57:05.143 [INFO] [org.gradle.launcher.daemon.server.Daemon] start() called on daemon - DefaultDaemonContext[uid=16f7d37b-cf2b-47a9-9739-7b0b1d86a976,javaHome=/opt/jdk1.8.0_172,daemonRegistryDir=/users-api/cache/daemon,pid=33,idleTimeout=10800000,daemonOpts=-XX:+HeapDumpOnOutOfMemoryError,-Xmx1024m,-Dfile.encoding=UTF-8,-Duser.country,-Duser.language=en,-Duser.variant]
06:57:05.304 [DEBUG] [org.gradle.internal.remote.internal.inet.InetAddresses] Adding IP addresses for network interface eth0
06:57:05.314 [DEBUG] [org.gradle.internal.remote.internal.inet.InetAddresses] Is this a loopback interface? false
06:57:05.321 [DEBUG] [org.gradle.internal.remote.internal.inet.InetAddresses] Is this a multicast interface? true
06:57:05.330 [DEBUG] [org.gradle.internal.remote.internal.inet.InetAddresses] Adding remote address /172.18.0.3
06:57:05.337 [DEBUG] [org.gradle.internal.remote.internal.inet.InetAddresses] Adding remote multicast interface eth0
06:57:05.350 [DEBUG] [org.gradle.internal.remote.internal.inet.InetAddresses] Adding IP addresses for network interface lo
06:57:05.356 [DEBUG] [org.gradle.internal.remote.internal.inet.InetAddresses] Is this a loopback interface? true
06:57:05.365 [DEBUG] [org.gradle.internal.remote.internal.inet.InetAddresses] Is this a multicast interface? false
06:57:05.371 [DEBUG] [org.gradle.internal.remote.internal.inet.InetAddresses] Adding loopback address /127.0.0.1
06:57:05.385 [DEBUG] [org.gradle.internal.remote.internal.inet.TcpIncomingConnector] Listening on [4f33245b-8298-4f5a-aeb8-82471f159857 port:46805, addresses:[/127.0.0.1]].
06:57:05.401 [DEBUG] [org.gradle.launcher.daemon.server.Daemon] Daemon starting at: Wed Jun 13 06:57:05 GMT 2018, with address: [4f33245b-8298-4f5a-aeb8-82471f159857 port:46805, addresses:[/127.0.0.1]]
06:57:05.407 [INFO] [org.gradle.launcher.daemon.server.DaemonRegistryUpdater] Advertising the daemon address to the clients: [4f33245b-8298-4f5a-aeb8-82471f159857 port:46805, addresses:[/127.0.0.1]]
06:57:05.413 [DEBUG] [org.gradle.launcher.daemon.server.DaemonRegistryUpdater] Advertised daemon context: DefaultDaemonContext[uid=16f7d37b-cf2b-47a9-9739-7b0b1d86a976,javaHome=/opt/jdk1.8.0_172,daemonRegistryDir=/users-api/cache/daemon,pid=33,idleTimeout=10800000,daemonOpts=-XX:+HeapDumpOnOutOfMemoryError,-Xmx1024m,-Dfile.encoding=UTF-8,-Duser.country,-Duser.language=en,-Duser.variant]
06:57:05.420 [DEBUG] [org.gradle.launcher.daemon.registry.PersistentDaemonRegistry] Storing daemon address: [4f33245b-8298-4f5a-aeb8-82471f159857 port:46805, addresses:[/127.0.0.1]], context: DefaultDaemonContext[uid=16f7d37b-cf2b-47a9-9739-7b0b1d86a976,javaHome=/opt/jdk1.8.0_172,daemonRegistryDir=/users-api/cache/daemon,pid=33,idleTimeout=10800000,daemonOpts=-XX:+HeapDumpOnOutOfMemoryError,-Xmx1024m,-Dfile.encoding=UTF-8,-Duser.country,-Duser.language=en,-Duser.variant]
06:57:05.457 [DEBUG] [org.gradle.cache.internal.DefaultFileLockManager] Waiting to acquire exclusive lock on daemon addresses registry.
06:57:05.485 [DEBUG] [org.gradle.cache.internal.DefaultFileLockManager] Lock acquired on daemon addresses registry.
06:57:05.535 [DEBUG] [org.gradle.cache.internal.DefaultFileLockManager] Releasing lock on daemon addresses registry.
06:57:05.551 [LIFECYCLE] [org.gradle.launcher.daemon.server.Daemon] Daemon server started.
06:57:05.591 [DEBUG] [org.gradle.launcher.daemon.bootstrap.DaemonStartupCommunication] Completed writing the daemon greeting. Closing streams...
06:57:05.622 [DEBUG] [org.gradle.launcher.daemon.server.Daemon] stopOnExpiration() called on daemon
06:57:05.632 [DEBUG] [org.gradle.launcher.daemon.server.Daemon] awaitExpiration() called on daemon
06:57:05.639 [DEBUG] [org.gradle.launcher.daemon.server.DaemonStateCoordinator] daemon is running. Sleeping until state changes.
06:57:05.681 [DEBUG] [org.gradle.internal.remote.internal.inet.TcpIncomingConnector] Accepted connection from /127.0.0.1:51292 to /127.0.0.1:46805.
06:57:06.262 [DEBUG] [org.gradle.launcher.daemon.server.SynchronizedDispatchConnection] thread 14: received class org.gradle.launcher.daemon.protocol.Build
06:57:06.277 [DEBUG] [org.gradle.launcher.daemon.server.DefaultDaemonConnection] thread 14: Received non-IO message from client: Build{id=37c119d4-571c-498f-b6f0-bc08bc01dab3.1, currentDir=/users-api}
06:57:06.285 [INFO] [org.gradle.launcher.daemon.server.DefaultIncomingConnectionHandler] Received command: Build{id=37c119d4-571c-498f-b6f0-bc08bc01dab3.1, currentDir=/users-api}.
06:57:06.291 [DEBUG] [org.gradle.launcher.daemon.server.DefaultIncomingConnectionHandler] Starting executing command: Build{id=37c119d4-571c-498f-b6f0-bc08bc01dab3.1, currentDir=/users-api} with connection: socket connection from /127.0.0.1:46805 to /127.0.0.1:51292.
06:57:06.303 [ERROR] [org.gradle.launcher.daemon.server.DaemonStateCoordinator] Command execution: started DaemonCommandExecution[command = Build{id=37c119d4-571c-498f-b6f0-bc08bc01dab3.1, currentDir=/users-api}, connection = DefaultDaemonConnection: socket connection from /127.0.0.1:46805 to /127.0.0.1:51292] after 0.0 minutes of idle
06:57:06.307 [INFO] [org.gradle.launcher.daemon.server.DaemonRegistryUpdater] Marking the daemon as busy, address: [4f33245b-8298-4f5a-aeb8-82471f159857 port:46805, addresses:[/127.0.0.1]]
06:57:06.315 [DEBUG] [org.gradle.launcher.daemon.registry.PersistentDaemonRegistry] Marking busy by address: [4f33245b-8298-4f5a-aeb8-82471f159857 port:46805, addresses:[/127.0.0.1]]
06:57:06.335 [DEBUG] [org.gradle.cache.internal.DefaultFileLockManager] Waiting to acquire exclusive lock on daemon addresses registry.
06:57:06.344 [DEBUG] [org.gradle.cache.internal.DefaultFileLockManager] Lock acquired on daemon addresses registry.
06:57:06.366 [DEBUG] [org.gradle.cache.internal.DefaultFileLockManager] Releasing lock on daemon addresses registry.
06:57:06.374 [DEBUG] [org.gradle.launcher.daemon.server.DaemonStateCoordinator] resetting idle timer
06:57:06.381 [DEBUG] [org.gradle.launcher.daemon.server.DaemonStateCoordinator] daemon is running. Sleeping until state changes.
06:57:06.393 [INFO] [org.gradle.launcher.daemon.server.exec.StartBuildOrRespondWithBusy] Daemon is about to start building Build{id=37c119d4-571c-498f-b6f0-bc08bc01dab3.1, currentDir=/users-api}. Dispatching build started information...
06:57:06.405 [DEBUG] [org.gradle.launcher.daemon.server.SynchronizedDispatchConnection] thread 16: dispatching class org.gradle.launcher.daemon.protocol.BuildStarted
06:57:06.488 [DEBUG] [org.gradle.launcher.daemon.server.exec.EstablishBuildEnvironment] Configuring env variables: {PATH=/usr/local/sbin:/usr/local/bin:/usr/sbin:/usr/bin:/sbin:/bin:/opt/jdk/bin, JAVA_JCE=unlimited, SPRING_PROFILES_ACTIVE=dev, JAVA_HOME=/opt/jdk, OLDPWD=/users-api, GLIBC_VERSION=2.27-r0, LANG=C.UTF-8, JAVA_VERSION_MAJOR=8, GRADLE_USER_HOME=cache, HOSTNAME=40f78f07cb68, GLIBC_REPO=https://github.com/sgerrand/alpine-pkg-glibc, JAVA_VERSION_MINOR=172, PWD=/users-api, JAVA_PACKAGE=jdk, JAVA_VERSION_BUILD=11, HOME=/root, SHLVL=1}
06:57:06.536 [DEBUG] [org.gradle.launcher.daemon.server.SynchronizedDispatchConnection] thread 14: received class org.gradle.launcher.daemon.protocol.CloseInput
06:57:06.558 [DEBUG] [org.gradle.launcher.daemon.server.exec.LogToClient] About to start relaying all logs to the client via the connection.
06:57:06.572 [INFO] [org.gradle.launcher.daemon.server.exec.LogToClient] The client will now receive all logging from the daemon (pid: 33). The daemon log file: /users-api/cache/daemon/4.5.1/daemon-33.out.log
06:57:06.564 [DEBUG] [org.gradle.launcher.daemon.server.DefaultDaemonConnection] thread 14: Received IO message from client: org.gradle.launcher.daemon.protocol.CloseInput@60374c34
06:57:06.586 [INFO] [org.gradle.launcher.daemon.server.exec.LogAndCheckHealth] Starting build in new daemon [memory: 954.7 MB]
06:57:06.601 [INFO] [org.gradle.launcher.daemon.server.exec.ForwardClientInput] Closing daemon's stdin at end of input.
06:57:06.637 [INFO] [org.gradle.launcher.daemon.server.exec.ForwardClientInput] The daemon will no longer process any standard input.
06:57:06.638 [DEBUG] [org.gradle.launcher.daemon.server.exec.ExecuteBuild] The daemon has started executing the build.
06:57:06.657 [DEBUG] [org.gradle.launcher.daemon.server.exec.ExecuteBuild] Executing build with daemon context: DefaultDaemonContext[uid=16f7d37b-cf2b-47a9-9739-7b0b1d86a976,javaHome=/opt/jdk1.8.0_172,daemonRegistryDir=/users-api/cache/daemon,pid=33,idleTimeout=10800000,daemonOpts=-XX:+HeapDumpOnOutOfMemoryError,-Xmx1024m,-Dfile.encoding=UTF-8,-Duser.country,-Duser.language=en,-Duser.variant]
Download https://repo.maven.apache.org/maven2/org/springframework/boot/spring-boot-gradle-plugin/2.0.2.RELEASE/spring-boot-gradle-plugin-2.0.2.RELEASE.pom
Download https://repo.maven.apache.org/maven2/org/springframework/boot/spring-boot-tools/2.0.2.RELEASE/spring-boot-tools-2.0.2.RELEASE.pom
Download https://jcenter.bintray.com/com/avast/gradle/gradle-docker-compose-plugin/0.6.17/gradle-docker-compose-plugin-0.6.17.pom
Download https://repo.maven.apache.org/maven2/org/springframework/boot/spring-boot-parent/2.0.2.RELEASE/spring-boot-parent-2.0.2.RELEASE.pom
Download https://repo.maven.apache.org/maven2/org/springframework/boot/spring-boot-dependencies/2.0.2.RELEASE/spring-boot-dependencies-2.0.2.RELEASE.pom
Download https://repo.maven.apache.org/maven2/com/fasterxml/jackson/jackson-bom/2.9.5/jackson-bom-2.9.5.pom
Download https://repo.maven.apache.org/maven2/com/fasterxml/jackson/jackson-parent/2.9.1/jackson-parent-2.9.1.pom
Download https://repo.maven.apache.org/maven2/com/fasterxml/oss-parent/30/oss-parent-30.pom
Download https://repo.maven.apache.org/maven2/io/netty/netty-bom/4.1.24.Final/netty-bom-4.1.24.Final.pom
Download https://repo.maven.apache.org/maven2/org/sonatype/oss/oss-parent/7/oss-parent-7.pom
Download https://repo.maven.apache.org/maven2/io/projectreactor/reactor-bom/Bismuth-SR9/reactor-bom-Bismuth-SR9.pom
Download https://repo.maven.apache.org/maven2/org/apache/logging/log4j/log4j-bom/2.10.0/log4j-bom-2.10.0.pom
Download https://repo.maven.apache.org/maven2/org/apache/logging/logging-parent/1/logging-parent-1.pom
Download https://repo.maven.apache.org/maven2/org/apache/apache/18/apache-18.pom
Download https://repo.maven.apache.org/maven2/org/eclipse/jetty/jetty-bom/9.4.10.v20180503/jetty-bom-9.4.10.v20180503.pom
Download https://repo.maven.apache.org/maven2/org/springframework/spring-framework-bom/5.0.6.RELEASE/spring-framework-bom-5.0.6.RELEASE.pom
Download https://repo.maven.apache.org/maven2/org/springframework/data/spring-data-releasetrain/Kay-SR7/spring-data-releasetrain-Kay-SR7.pom
Download https://repo.maven.apache.org/maven2/org/springframework/data/build/spring-data-build/2.0.7.RELEASE/spring-data-build-2.0.7.RELEASE.pom
Download https://repo.maven.apache.org/maven2/org/springframework/integration/spring-integration-bom/5.0.5.RELEASE/spring-integration-bom-5.0.5.RELEASE.pom
Download https://repo.maven.apache.org/maven2/org/springframework/security/spring-security-bom/5.0.5.RELEASE/spring-security-bom-5.0.5.RELEASE.pom
Download https://repo.maven.apache.org/maven2/org/springframework/session/spring-session-bom/Apple-SR2/spring-session-bom-Apple-SR2.pom
Download https://repo.maven.apache.org/maven2/org/springframework/boot/spring-boot-loader-tools/2.0.2.RELEASE/spring-boot-loader-tools-2.0.2.RELEASE.pom
Download https://repo.maven.apache.org/maven2/io/spring/gradle/dependency-management-plugin/1.0.5.RELEASE/dependency-management-plugin-1.0.5.RELEASE.pom
Download https://repo.maven.apache.org/maven2/org/apache/commons/commons-compress/1.14/commons-compress-1.14.pom
Download https://repo.maven.apache.org/maven2/org/apache/commons/commons-parent/42/commons-parent-42.pom
Download https://repo.maven.apache.org/maven2/org/yaml/snakeyaml/1.19/snakeyaml-1.19.pom
Download https://repo.maven.apache.org/maven2/org/springframework/spring-core/5.0.6.RELEASE/spring-core-5.0.6.RELEASE.pom
Download https://repo.maven.apache.org/maven2/org/springframework/spring-jcl/5.0.6.RELEASE/spring-jcl-5.0.6.RELEASE.pom
Download https://repo.maven.apache.org/maven2/org/springframework/boot/spring-boot-gradle-plugin/2.0.2.RELEASE/spring-boot-gradle-plugin-2.0.2.RELEASE.jar
Download https://repo.maven.apache.org/maven2/io/spring/gradle/dependency-management-plugin/1.0.5.RELEASE/dependency-management-plugin-1.0.5.RELEASE.jar
Download https://jcenter.bintray.com/com/avast/gradle/gradle-docker-compose-plugin/0.6.17/gradle-docker-compose-plugin-0.6.17.jar
Download https://repo.maven.apache.org/maven2/org/apache/commons/commons-compress/1.14/commons-compress-1.14.jar
Download https://repo.maven.apache.org/maven2/org/yaml/snakeyaml/1.19/snakeyaml-1.19.jar
Download https://repo.maven.apache.org/maven2/org/springframework/spring-core/5.0.6.RELEASE/spring-core-5.0.6.RELEASE.jar
Download https://repo.maven.apache.org/maven2/org/springframework/spring-jcl/5.0.6.RELEASE/spring-jcl-5.0.6.RELEASE.jar
Download https://repo.maven.apache.org/maven2/org/springframework/boot/spring-boot-loader-tools/2.0.2.RELEASE/spring-boot-loader-tools-2.0.2.RELEASE.jar
:compileJava
Download https://repo.maven.apache.org/maven2/org/springframework/cloud/spring-cloud-netflix/1.4.0.RELEASE/spring-cloud-netflix-1.4.0.RELEASE.pom
Download https://repo.maven.apache.org/maven2/org/springframework/cloud/spring-cloud-build/1.3.6.RELEASE/spring-cloud-build-1.3.6.RELEASE.pom
Download https://repo.maven.apache.org/maven2/org/springframework/cloud/spring-cloud-build-dependencies/1.3.6.RELEASE/spring-cloud-build-dependencies-1.3.6.RELEASE.pom
Download https://repo.maven.apache.org/maven2/org/springframework/boot/spring-boot-dependencies/1.5.8.RELEASE/spring-boot-dependencies-1.5.8.RELEASE.pom
Download https://repo.maven.apache.org/maven2/com/fasterxml/jackson/jackson-bom/2.8.10/jackson-bom-2.8.10.pom
Download https://repo.maven.apache.org/maven2/com/fasterxml/jackson/jackson-parent/2.8/jackson-parent-2.8.pom
Download https://repo.maven.apache.org/maven2/com/fasterxml/oss-parent/27/oss-parent-27.pom
Download https://repo.maven.apache.org/maven2/org/apache/logging/log4j/log4j-bom/2.7/log4j-bom-2.7.pom
Download https://repo.maven.apache.org/maven2/org/apache/apache/9/apache-9.pom
Download https://repo.maven.apache.org/maven2/org/springframework/spring-framework-bom/4.3.12.RELEASE/spring-framework-bom-4.3.12.RELEASE.pom
Download https://repo.maven.apache.org/maven2/org/springframework/data/spring-data-releasetrain/Ingalls-SR8/spring-data-releasetrain-Ingalls-SR8.pom
Download https://repo.maven.apache.org/maven2/org/springframework/data/build/spring-data-build/1.9.8.RELEASE/spring-data-build-1.9.8.RELEASE.pom
Download https://repo.maven.apache.org/maven2/org/springframework/integration/spring-integration-bom/4.3.12.RELEASE/spring-integration-bom-4.3.12.RELEASE.pom
Download https://repo.maven.apache.org/maven2/org/springframework/security/spring-security-bom/4.2.3.RELEASE/spring-security-bom-4.2.3.RELEASE.pom
Download https://repo.maven.apache.org/maven2/org/springframework/cloud/spring-cloud-netflix-dependencies/1.4.0.RELEASE/spring-cloud-netflix-dependencies-1.4.0.RELEASE.pom
Download https://repo.maven.apache.org/maven2/org/springframework/cloud/spring-cloud-dependencies-parent/1.3.6.RELEASE/spring-cloud-dependencies-parent-1.3.6.RELEASE.pom
Download https://repo.maven.apache.org/maven2/org/springframework/cloud/spring-cloud-commons-dependencies/1.3.0.RELEASE/spring-cloud-commons-dependencies-1.3.0.RELEASE.pom
Download https://repo.maven.apache.org/maven2/org/springframework/cloud/spring-cloud-config-dependencies/1.4.0.RELEASE/spring-cloud-config-dependencies-1.4.0.RELEASE.pom
Download https://repo.maven.apache.org/maven2/org/springframework/cloud/spring-cloud-stream-dependencies/Ditmars.RELEASE/spring-cloud-stream-dependencies-Ditmars.RELEASE.pom
Download https://repo.maven.apache.org/maven2/org/springframework/cloud/spring-cloud-dependencies-parent/1.3.5.RELEASE/spring-cloud-dependencies-parent-1.3.5.RELEASE.pom
Download https://repo.maven.apache.org/maven2/org/springframework/cloud/spring-cloud-contract-dependencies/1.1.2.RELEASE/spring-cloud-contract-dependencies-1.1.2.RELEASE.pom
Download https://repo.maven.apache.org/maven2/org/springframework/cloud/spring-cloud-dependencies-parent/1.3.3.RELEASE/spring-cloud-dependencies-parent-1.3.3.RELEASE.pom
Download https://repo.maven.apache.org/maven2/org/springframework/cloud/spring-cloud-starter-eureka/1.4.0.RELEASE/spring-cloud-starter-eureka-1.4.0.RELEASE.pom
Download https://repo.maven.apache.org/maven2/org/projectlombok/lombok/1.16.14/lombok-1.16.14.pom
Download https://repo.maven.apache.org/maven2/org/springframework/boot/spring-boot-starter-data-jpa/1.5.8.RELEASE/spring-boot-starter-data-jpa-1.5.8.RELEASE.pom
Download https://repo.maven.apache.org/maven2/org/springframework/boot/spring-boot-starters/1.5.8.RELEASE/spring-boot-starters-1.5.8.RELEASE.pom
Download https://repo.maven.apache.org/maven2/org/springframework/boot/spring-boot-parent/1.5.8.RELEASE/spring-boot-parent-1.5.8.RELEASE.pom
Download https://repo.maven.apache.org/maven2/org/flywaydb/flyway-core/3.2.1/flyway-core-3.2.1.pom
Download https://repo.maven.apache.org/maven2/org/flywaydb/flyway-parent/3.2.1/flyway-parent-3.2.1.pom
Download https://repo.maven.apache.org/maven2/org/springframework/boot/spring-boot-starter/1.5.8.RELEASE/spring-boot-starter-1.5.8.RELEASE.pom
Download https://repo.maven.apache.org/maven2/org/springframework/boot/spring-boot-starter-web/1.5.8.RELEASE/spring-boot-starter-web-1.5.8.RELEASE.pom
Download https://repo.maven.apache.org/maven2/org/springframework/cloud/spring-cloud-starter-netflix-eureka-client/1.4.0.RELEASE/spring-cloud-starter-netflix-eureka-client-1.4.0.RELEASE.pom
Download https://repo.maven.apache.org/maven2/org/springframework/cloud/spring-cloud-starter-netflix/1.4.0.RELEASE/spring-cloud-starter-netflix-1.4.0.RELEASE.pom
Download https://repo.maven.apache.org/maven2/org/springframework/boot/spring-boot-starter-tomcat/1.5.8.RELEASE/spring-boot-starter-tomcat-1.5.8.RELEASE.pom
Download https://repo.maven.apache.org/maven2/org/hibernate/hibernate-validator/5.3.5.Final/hibernate-validator-5.3.5.Final.pom
Download https://repo.maven.apache.org/maven2/org/hibernate/hibernate-validator-parent/5.3.5.Final/hibernate-validator-parent-5.3.5.Final.pom
Download https://repo.maven.apache.org/maven2/org/jboss/arquillian/arquillian-bom/1.1.11.Final/arquillian-bom-1.1.11.Final.pom
Download https://repo.maven.apache.org/maven2/org/springframework/spring-web/4.3.12.RELEASE/spring-web-4.3.12.RELEASE.pom
Download https://repo.maven.apache.org/maven2/org/jboss/shrinkwrap/shrinkwrap-bom/1.2.3/shrinkwrap-bom-1.2.3.pom
Download https://repo.maven.apache.org/maven2/org/springframework/spring-webmvc/4.3.12.RELEASE/spring-webmvc-4.3.12.RELEASE.pom
Download https://repo.maven.apache.org/maven2/org/jboss/shrinkwrap/resolver/shrinkwrap-resolver-bom/2.2.0/shrinkwrap-resolver-bom-2.2.0.pom
Download https://repo.maven.apache.org/maven2/org/jboss/shrinkwrap/descriptors/shrinkwrap-descriptors-bom/2.0.0-alpha-8/shrinkwrap-descriptors-bom-2.0.0-alpha-8.pom
Download https://repo.maven.apache.org/maven2/com/fasterxml/jackson/core/jackson-databind/2.8.10/jackson-databind-2.8.10.pom
Download https://repo.maven.apache.org/maven2/org/springframework/boot/spring-boot-starter-aop/1.5.8.RELEASE/spring-boot-starter-aop-1.5.8.RELEASE.pom
Download https://repo.maven.apache.org/maven2/org/springframework/boot/spring-boot-starter-jdbc/1.5.8.RELEASE/spring-boot-starter-jdbc-1.5.8.RELEASE.pom
Download https://repo.maven.apache.org/maven2/org/hibernate/hibernate-entitymanager/5.0.12.Final/hibernate-entitymanager-5.0.12.Final.pom
Download https://repo.maven.apache.org/maven2/javax/transaction/javax.transaction-api/1.2/javax.transaction-api-1.2.pom
Download https://repo.maven.apache.org/maven2/org/springframework/data/spring-data-jpa/1.11.8.RELEASE/spring-data-jpa-1.11.8.RELEASE.pom
Download https://repo.maven.apache.org/maven2/net/java/jvnet-parent/3/jvnet-parent-3.pom
Download https://repo.maven.apache.org/maven2/org/springframework/data/build/spring-data-parent/1.9.8.RELEASE/spring-data-parent-1.9.8.RELEASE.pom
Download https://repo.maven.apache.org/maven2/org/springframework/spring-aspects/4.3.12.RELEASE/spring-aspects-4.3.12.RELEASE.pom
Download https://repo.maven.apache.org/maven2/org/hibernate/hibernate-core/5.0.12.Final/hibernate-core-5.0.12.Final.pom
Download https://repo.maven.apache.org/maven2/org/springframework/boot/spring-boot/1.5.8.RELEASE/spring-boot-1.5.8.RELEASE.pom
Download https://repo.maven.apache.org/maven2/org/springframework/boot/spring-boot-autoconfigure/1.5.8.RELEASE/spring-boot-autoconfigure-1.5.8.RELEASE.pom
Download https://repo.maven.apache.org/maven2/org/springframework/spring-core/4.3.12.RELEASE/spring-core-4.3.12.RELEASE.pom
Download https://repo.maven.apache.org/maven2/org/yaml/snakeyaml/1.17/snakeyaml-1.17.pom
Download https://repo.maven.apache.org/maven2/org/springframework/boot/spring-boot-starter-logging/1.5.8.RELEASE/spring-boot-starter-logging-1.5.8.RELEASE.pom
Download https://repo.maven.apache.org/maven2/org/springframework/cloud/spring-cloud-starter/1.3.0.RELEASE/spring-cloud-starter-1.3.0.RELEASE.pom
Download https://repo.maven.apache.org/maven2/org/springframework/cloud/spring-cloud-netflix-core/1.4.0.RELEASE/spring-cloud-netflix-core-1.4.0.RELEASE.pom
Download https://repo.maven.apache.org/maven2/org/springframework/cloud/spring-cloud-commons-parent/1.3.0.RELEASE/spring-cloud-commons-parent-1.3.0.RELEASE.pom
Download https://repo.maven.apache.org/maven2/com/netflix/eureka/eureka-client/1.7.0/eureka-client-1.7.0.pom
Download https://repo.maven.apache.org/maven2/com/netflix/eureka/eureka-core/1.7.0/eureka-core-1.7.0.pom
Download https://repo.maven.apache.org/maven2/org/springframework/cloud/spring-cloud-starter-netflix-archaius/1.4.0.RELEASE/spring-cloud-starter-netflix-archaius-1.4.0.RELEASE.pom
Download https://repo.maven.apache.org/maven2/org/springframework/cloud/spring-cloud-starter-netflix-ribbon/1.4.0.RELEASE/spring-cloud-starter-netflix-ribbon-1.4.0.RELEASE.pom
Download https://repo.maven.apache.org/maven2/com/netflix/ribbon/ribbon-eureka/2.2.4/ribbon-eureka-2.2.4.pom
Download https://repo.maven.apache.org/maven2/com/thoughtworks/xstream/xstream/1.4.9/xstream-1.4.9.pom
Download https://repo.maven.apache.org/maven2/com/thoughtworks/xstream/xstream-parent/1.4.9/xstream-parent-1.4.9.pom
Download https://repo.maven.apache.org/maven2/org/springframework/cloud/spring-cloud-netflix-eureka-client/1.4.0.RELEASE/spring-cloud-netflix-eureka-client-1.4.0.RELEASE.pom
Download https://repo.maven.apache.org/maven2/org/apache/tomcat/embed/tomcat-embed-el/8.5.23/tomcat-embed-el-8.5.23.pom
Download https://repo.maven.apache.org/maven2/org/apache/tomcat/embed/tomcat-embed-core/8.5.23/tomcat-embed-core-8.5.23.pom
Download https://repo.maven.apache.org/maven2/org/apache/tomcat/embed/tomcat-embed-websocket/8.5.23/tomcat-embed-websocket-8.5.23.pom
Download https://repo.maven.apache.org/maven2/javax/validation/validation-api/1.1.0.Final/validation-api-1.1.0.Final.pom
Download https://repo.maven.apache.org/maven2/org/jboss/logging/jboss-logging/3.3.1.Final/jboss-logging-3.3.1.Final.pom
Download https://repo.maven.apache.org/maven2/org/jboss/jboss-parent/15/jboss-parent-15.pom
Download https://repo.maven.apache.org/maven2/com/fasterxml/classmate/1.3.4/classmate-1.3.4.pom
Download https://repo.maven.apache.org/maven2/com/fasterxml/oss-parent/24/oss-parent-24.pom
Download https://repo.maven.apache.org/maven2/com/fasterxml/jackson/core/jackson-core/2.8.10/jackson-core-2.8.10.pom
Download https://repo.maven.apache.org/maven2/com/fasterxml/jackson/core/jackson-annotations/2.8.0/jackson-annotations-2.8.0.pom
Download https://repo.maven.apache.org/maven2/org/springframework/spring-aop/4.3.12.RELEASE/spring-aop-4.3.12.RELEASE.pom
Download https://repo.maven.apache.org/maven2/org/springframework/spring-beans/4.3.12.RELEASE/spring-beans-4.3.12.RELEASE.pom
Download https://repo.maven.apache.org/maven2/org/springframework/spring-context/4.3.12.RELEASE/spring-context-4.3.12.RELEASE.pom
Download https://repo.maven.apache.org/maven2/org/springframework/spring-expression/4.3.12.RELEASE/spring-expression-4.3.12.RELEASE.pom
Download https://repo.maven.apache.org/maven2/org/aspectj/aspectjweaver/1.8.11/aspectjweaver-1.8.11.pom
Download https://repo.maven.apache.org/maven2/org/apache/tomcat/tomcat-jdbc/8.5.23/tomcat-jdbc-8.5.23.pom
Download https://repo.maven.apache.org/maven2/org/springframework/spring-jdbc/4.3.12.RELEASE/spring-jdbc-4.3.12.RELEASE.pom
Download https://repo.maven.apache.org/maven2/antlr/antlr/2.7.7/antlr-2.7.7.pom
Download https://repo.maven.apache.org/maven2/org/javassist/javassist/3.21.0-GA/javassist-3.21.0-GA.pom
Download https://repo.maven.apache.org/maven2/org/jboss/jandex/2.0.0.Final/jandex-2.0.0.Final.pom
Download https://repo.maven.apache.org/maven2/dom4j/dom4j/1.6.1/dom4j-1.6.1.pom
Download https://repo.maven.apache.org/maven2/org/jboss/jboss-parent/12/jboss-parent-12.pom
Download https://repo.maven.apache.org/maven2/org/hibernate/common/hibernate-commons-annotations/5.0.1.Final/hibernate-commons-annotations-5.0.1.Final.pom
Download https://repo.maven.apache.org/maven2/org/hibernate/javax/persistence/hibernate-jpa-2.1-api/1.0.0.Final/hibernate-jpa-2.1-api-1.0.0.Final.pom
Download https://repo.maven.apache.org/maven2/org/springframework/data/spring-data-commons/1.13.8.RELEASE/spring-data-commons-1.13.8.RELEASE.pom
Download https://repo.maven.apache.org/maven2/org/springframework/spring-orm/4.3.12.RELEASE/spring-orm-4.3.12.RELEASE.pom
Download https://repo.maven.apache.org/maven2/org/slf4j/slf4j-api/1.7.25/slf4j-api-1.7.25.pom
Download https://repo.maven.apache.org/maven2/org/slf4j/jcl-over-slf4j/1.7.25/jcl-over-slf4j-1.7.25.pom
Download https://repo.maven.apache.org/maven2/org/slf4j/slf4j-parent/1.7.25/slf4j-parent-1.7.25.pom
Download https://repo.maven.apache.org/maven2/org/springframework/spring-tx/4.3.12.RELEASE/spring-tx-4.3.12.RELEASE.pom
Download https://repo.maven.apache.org/maven2/ch/qos/logback/logback-classic/1.1.11/logback-classic-1.1.11.pom
Download https://repo.maven.apache.org/maven2/org/slf4j/jul-to-slf4j/1.7.25/jul-to-slf4j-1.7.25.pom
Download https://repo.maven.apache.org/maven2/ch/qos/logback/logback-parent/1.1.11/logback-parent-1.1.11.pom
Download https://repo.maven.apache.org/maven2/org/slf4j/log4j-over-slf4j/1.7.25/log4j-over-slf4j-1.7.25.pom
Download https://repo.maven.apache.org/maven2/commons-logging/commons-logging/1.2/commons-logging-1.2.pom
Download https://repo.maven.apache.org/maven2/org/apache/commons/commons-parent/34/commons-parent-34.pom
Download https://repo.maven.apache.org/maven2/org/apache/apache/13/apache-13.pom
Download https://repo.maven.apache.org/maven2/org/springframework/cloud/spring-cloud-commons/1.3.0.RELEASE/spring-cloud-commons-1.3.0.RELEASE.pom
Download https://repo.maven.apache.org/maven2/org/springframework/cloud/spring-cloud-context/1.3.0.RELEASE/spring-cloud-context-1.3.0.RELEASE.pom
Download https://repo.maven.apache.org/maven2/org/springframework/security/spring-security-rsa/1.0.3.RELEASE/spring-security-rsa-1.0.3.RELEASE.pom
Download https://repo.maven.apache.org/maven2/org/codehaus/jettison/jettison/1.3.7/jettison-1.3.7.pom
Download https://repo.maven.apache.org/maven2/com/netflix/netflix-commons/netflix-eventbus/0.3.0/netflix-eventbus-0.3.0.pom
Download https://repo.maven.apache.org/maven2/org/codehaus/codehaus-parent/3/codehaus-parent-3.pom
Download https://repo.maven.apache.org/maven2/javax/ws/rs/jsr311-api/1.1.1/jsr311-api-1.1.1.pom
Download https://repo.maven.apache.org/maven2/com/netflix/servo/servo-core/0.10.1/servo-core-0.10.1.pom
Download https://repo.maven.apache.org/maven2/com/sun/jersey/jersey-core/1.19.1/jersey-core-1.19.1.pom
Download https://repo.maven.apache.org/maven2/com/sun/jersey/jersey-project/1.19.1/jersey-project-1.19.1.pom
Download https://repo.maven.apache.org/maven2/com/sun/jersey/jersey-client/1.19.1/jersey-client-1.19.1.pom
Download https://repo.maven.apache.org/maven2/net/java/jvnet-parent/4/jvnet-parent-4.pom
Download https://repo.maven.apache.org/maven2/com/sun/jersey/contribs/jersey-apache-client4/1.19.1/jersey-apache-client4-1.19.1.pom
Download https://repo.maven.apache.org/maven2/org/apache/httpcomponents/httpclient/4.5.3/httpclient-4.5.3.pom
Download https://repo.maven.apache.org/maven2/com/sun/jersey/contribs/jersey-contribs/1.19.1/jersey-contribs-1.19.1.pom
Download https://repo.maven.apache.org/maven2/org/apache/httpcomponents/httpcomponents-client/4.5.3/httpcomponents-client-4.5.3.pom
Download https://repo.maven.apache.org/maven2/org/apache/httpcomponents/project/7/project-7.pom
Download https://repo.maven.apache.org/maven2/com/google/inject/guice/4.1.0/guice-4.1.0.pom
Download https://repo.maven.apache.org/maven2/com/google/inject/guice-parent/4.1.0/guice-parent-4.1.0.pom
Download https://repo.maven.apache.org/maven2/com/google/google/5/google-5.pom
Download https://repo.maven.apache.org/maven2/com/netflix/archaius/archaius-core/0.7.4/archaius-core-0.7.4.pom
Download https://repo.maven.apache.org/maven2/org/codehaus/woodstox/woodstox-core-asl/4.4.1/woodstox-core-asl-4.4.1.pom
Download https://repo.maven.apache.org/maven2/commons-configuration/commons-configuration/1.8/commons-configuration-1.8.pom
Download https://repo.maven.apache.org/maven2/com/google/guava/guava/18.0/guava-18.0.pom
Download https://repo.maven.apache.org/maven2/com/google/guava/guava-parent/18.0/guava-parent-18.0.pom
Download https://repo.maven.apache.org/maven2/org/apache/commons/commons-parent/23/commons-parent-23.pom
Download https://repo.maven.apache.org/maven2/com/netflix/ribbon/ribbon-core/2.2.4/ribbon-core-2.2.4.pom
Download https://repo.maven.apache.org/maven2/com/netflix/ribbon/ribbon/2.2.4/ribbon-2.2.4.pom
Download https://repo.maven.apache.org/maven2/com/netflix/ribbon/ribbon-loadbalancer/2.2.4/ribbon-loadbalancer-2.2.4.pom
Download https://repo.maven.apache.org/maven2/io/reactivex/rxjava/1.2.0/rxjava-1.2.0.pom
Download https://repo.maven.apache.org/maven2/com/netflix/ribbon/ribbon-httpclient/2.2.4/ribbon-httpclient-2.2.4.pom
Download https://repo.maven.apache.org/maven2/xmlpull/xmlpull/1.1.3.1/xmlpull-1.1.3.1.pom
Download https://repo.maven.apache.org/maven2/xpp3/xpp3_min/1.1.4c/xpp3_min-1.1.4c.pom
Download https://repo.maven.apache.org/maven2/org/apache/tomcat/tomcat-annotations-api/8.5.23/tomcat-annotations-api-8.5.23.pom
Download https://repo.maven.apache.org/maven2/org/apache/tomcat/tomcat-juli/8.5.23/tomcat-juli-8.5.23.pom
Download https://repo.maven.apache.org/maven2/xml-apis/xml-apis/1.4.01/xml-apis-1.4.01.pom
Download https://repo.maven.apache.org/maven2/ch/qos/logback/logback-core/1.1.11/logback-core-1.1.11.pom
Download https://repo.maven.apache.org/maven2/org/springframework/security/spring-security-crypto/4.2.3.RELEASE/spring-security-crypto-4.2.3.RELEASE.pom
Download https://repo.maven.apache.org/maven2/org/springframework/spring-framework-bom/4.3.9.RELEASE/spring-framework-bom-4.3.9.RELEASE.pom
Download https://repo.maven.apache.org/maven2/org/bouncycastle/bcpkix-jdk15on/1.55/bcpkix-jdk15on-1.55.pom
Download https://repo.maven.apache.org/maven2/stax/stax-api/1.0.1/stax-api-1.0.1.pom
Download https://repo.maven.apache.org/maven2/org/apache/commons/commons-math/2.2/commons-math-2.2.pom
Download https://repo.maven.apache.org/maven2/com/netflix/netflix-commons/netflix-infix/0.3.0/netflix-infix-0.3.0.pom
Download https://repo.maven.apache.org/maven2/org/apache/commons/commons-parent/18/commons-parent-18.pom
Download https://repo.maven.apache.org/maven2/org/apache/apache/7/apache-7.pom
Download https://repo.maven.apache.org/maven2/com/google/code/findbugs/jsr305/3.0.1/jsr305-3.0.1.pom
Download https://repo.maven.apache.org/maven2/com/netflix/servo/servo-internal/0.10.1/servo-internal-0.10.1.pom
Download https://repo.maven.apache.org/maven2/commons-codec/commons-codec/1.10/commons-codec-1.10.pom
Download https://repo.maven.apache.org/maven2/org/apache/httpcomponents/httpcore/4.4.8/httpcore-4.4.8.pom
Download https://repo.maven.apache.org/maven2/org/apache/httpcomponents/httpcomponents-core/4.4.8/httpcomponents-core-4.4.8.pom
Download https://repo.maven.apache.org/maven2/org/apache/commons/commons-parent/35/commons-parent-35.pom
Download https://repo.maven.apache.org/maven2/org/apache/httpcomponents/httpcomponents-parent/9/httpcomponents-parent-9.pom
Download https://repo.maven.apache.org/maven2/org/apache/apache/15/apache-15.pom
Download https://repo.maven.apache.org/maven2/javax/inject/javax.inject/1/javax.inject-1.pom
Download https://repo.maven.apache.org/maven2/aopalliance/aopalliance/1.0/aopalliance-1.0.pom
Download https://repo.maven.apache.org/maven2/javax/xml/stream/stax-api/1.0-2/stax-api-1.0-2.pom
Download https://repo.maven.apache.org/maven2/org/codehaus/woodstox/stax2-api/3.1.4/stax2-api-3.1.4.pom
Download https://repo.maven.apache.org/maven2/commons-lang/commons-lang/2.6/commons-lang-2.6.pom
Download https://repo.maven.apache.org/maven2/org/apache/commons/commons-parent/17/commons-parent-17.pom
Download https://repo.maven.apache.org/maven2/com/netflix/hystrix/hystrix-core/1.5.12/hystrix-core-1.5.12.pom
Download https://repo.maven.apache.org/maven2/com/netflix/ribbon/ribbon-transport/2.2.4/ribbon-transport-2.2.4.pom
Download https://repo.maven.apache.org/maven2/io/reactivex/rxnetty/0.4.9/rxnetty-0.4.9.pom
Download https://repo.maven.apache.org/maven2/com/google/code/findbugs/annotations/2.0.0/annotations-2.0.0.pom
Download https://repo.maven.apache.org/maven2/com/netflix/netflix-commons/netflix-commons-util/0.1.1/netflix-commons-util-0.1.1.pom
Download https://repo.maven.apache.org/maven2/commons-collections/commons-collections/3.2.2/commons-collections-3.2.2.pom
Download https://repo.maven.apache.org/maven2/org/apache/commons/commons-parent/39/commons-parent-39.pom
Download https://repo.maven.apache.org/maven2/org/apache/apache/16/apache-16.pom
Download https://repo.maven.apache.org/maven2/com/netflix/netflix-commons/netflix-statistics/0.1.1/netflix-statistics-0.1.1.pom
Download https://repo.maven.apache.org/maven2/org/bouncycastle/bcprov-jdk15on/1.55/bcprov-jdk15on-1.55.pom
Download https://repo.maven.apache.org/maven2/commons-jxpath/commons-jxpath/1.3/commons-jxpath-1.3.pom
Download https://repo.maven.apache.org/maven2/joda-time/joda-time/2.9.9/joda-time-2.9.9.pom
Download https://repo.maven.apache.org/maven2/org/apache/commons/commons-parent/11/commons-parent-11.pom
Download https://repo.maven.apache.org/maven2/org/apache/apache/4/apache-4.pom
Download https://repo.maven.apache.org/maven2/com/google/code/gson/gson/2.8.2/gson-2.8.2.pom
Download https://repo.maven.apache.org/maven2/com/google/code/gson/gson-parent/2.8.2/gson-parent-2.8.2.pom
Download https://repo.maven.apache.org/maven2/org/antlr/antlr-runtime/3.4/antlr-runtime-3.4.pom
Download https://repo.maven.apache.org/maven2/org/antlr/antlr-master/3.4/antlr-master-3.4.pom
Download https://repo.maven.apache.org/maven2/io/reactivex/rxnetty-servo/0.4.9/rxnetty-servo-0.4.9.pom
Download https://repo.maven.apache.org/maven2/io/reactivex/rxnetty-contexts/0.4.9/rxnetty-contexts-0.4.9.pom
Download https://repo.maven.apache.org/maven2/org/hdrhistogram/HdrHistogram/2.1.9/HdrHistogram-2.1.9.pom
Download https://repo.maven.apache.org/maven2/io/netty/netty-codec-http/4.0.27.Final/netty-codec-http-4.0.27.Final.pom
Download https://repo.maven.apache.org/maven2/io/netty/netty-transport-native-epoll/4.0.27.Final/netty-transport-native-epoll-4.0.27.Final.pom
Download https://repo.maven.apache.org/maven2/io/netty/netty-parent/4.0.27.Final/netty-parent-4.0.27.Final.pom
Download https://repo.maven.apache.org/maven2/org/sonatype/oss/oss-parent/9/oss-parent-9.pom
Download https://repo.maven.apache.org/maven2/org/antlr/stringtemplate/3.2.1/stringtemplate-3.2.1.pom
Download https://repo.maven.apache.org/maven2/io/netty/netty-codec/4.1.24.Final/netty-codec-4.1.24.Final.pom
Download https://repo.maven.apache.org/maven2/io/netty/netty-handler/4.1.24.Final/netty-handler-4.1.24.Final.pom
Download https://repo.maven.apache.org/maven2/io/netty/netty-parent/4.1.24.Final/netty-parent-4.1.24.Final.pom
Download https://repo.maven.apache.org/maven2/io/netty/netty-common/4.1.24.Final/netty-common-4.1.24.Final.pom
Download https://repo.maven.apache.org/maven2/io/netty/netty-buffer/4.1.24.Final/netty-buffer-4.1.24.Final.pom
Download https://repo.maven.apache.org/maven2/io/netty/netty-transport/4.1.24.Final/netty-transport-4.1.24.Final.pom
Download https://repo.maven.apache.org/maven2/io/netty/netty-resolver/4.1.24.Final/netty-resolver-4.1.24.Final.pom
Download https://repo.maven.apache.org/maven2/org/springframework/cloud/spring-cloud-starter-eureka/1.4.0.RELEASE/spring-cloud-starter-eureka-1.4.0.RELEASE.jar
Download https://repo.maven.apache.org/maven2/org/springframework/cloud/spring-cloud-starter-netflix-eureka-client/1.4.0.RELEASE/spring-cloud-starter-netflix-eureka-client-1.4.0.RELEASE.jar
Download https://repo.maven.apache.org/maven2/org/springframework/boot/spring-boot-starter-web/1.5.8.RELEASE/spring-boot-starter-web-1.5.8.RELEASE.jar
Download https://repo.maven.apache.org/maven2/org/springframework/boot/spring-boot-starter-data-jpa/1.5.8.RELEASE/spring-boot-starter-data-jpa-1.5.8.RELEASE.jar
Download https://repo.maven.apache.org/maven2/org/flywaydb/flyway-core/3.2.1/flyway-core-3.2.1.jar
Download https://repo.maven.apache.org/maven2/org/springframework/boot/spring-boot-starter-aop/1.5.8.RELEASE/spring-boot-starter-aop-1.5.8.RELEASE.jar
Download https://repo.maven.apache.org/maven2/org/springframework/boot/spring-boot-starter-jdbc/1.5.8.RELEASE/spring-boot-starter-jdbc-1.5.8.RELEASE.jar
Download https://repo.maven.apache.org/maven2/org/springframework/cloud/spring-cloud-starter-netflix-ribbon/1.4.0.RELEASE/spring-cloud-starter-netflix-ribbon-1.4.0.RELEASE.jar
Download https://repo.maven.apache.org/maven2/org/springframework/cloud/spring-cloud-starter-netflix-archaius/1.4.0.RELEASE/spring-cloud-starter-netflix-archaius-1.4.0.RELEASE.jar
Download https://repo.maven.apache.org/maven2/org/springframework/cloud/spring-cloud-starter/1.3.0.RELEASE/spring-cloud-starter-1.3.0.RELEASE.jar
Download https://repo.maven.apache.org/maven2/org/springframework/boot/spring-boot-starter/1.5.8.RELEASE/spring-boot-starter-1.5.8.RELEASE.jar
Download https://repo.maven.apache.org/maven2/org/projectlombok/lombok/1.16.14/lombok-1.16.14.jar
Download https://repo.maven.apache.org/maven2/org/springframework/boot/spring-boot-starter-tomcat/1.5.8.RELEASE/spring-boot-starter-tomcat-1.5.8.RELEASE.jar
Download https://repo.maven.apache.org/maven2/org/hibernate/hibernate-validator/5.3.5.Final/hibernate-validator-5.3.5.Final.jar
Download https://repo.maven.apache.org/maven2/com/netflix/eureka/eureka-core/1.7.0/eureka-core-1.7.0.jar
Download https://repo.maven.apache.org/maven2/com/netflix/ribbon/ribbon-eureka/2.2.4/ribbon-eureka-2.2.4.jar
Download https://repo.maven.apache.org/maven2/com/netflix/eureka/eureka-client/1.7.0/eureka-client-1.7.0.jar
Download https://repo.maven.apache.org/maven2/com/netflix/netflix-commons/netflix-eventbus/0.3.0/netflix-eventbus-0.3.0.jar
Download https://repo.maven.apache.org/maven2/com/netflix/ribbon/ribbon/2.2.4/ribbon-2.2.4.jar
Download https://repo.maven.apache.org/maven2/com/netflix/ribbon/ribbon-httpclient/2.2.4/ribbon-httpclient-2.2.4.jar
Download https://repo.maven.apache.org/maven2/com/netflix/ribbon/ribbon-transport/2.2.4/ribbon-transport-2.2.4.jar
Download https://repo.maven.apache.org/maven2/com/netflix/ribbon/ribbon-loadbalancer/2.2.4/ribbon-loadbalancer-2.2.4.jar
Download https://repo.maven.apache.org/maven2/com/netflix/ribbon/ribbon-core/2.2.4/ribbon-core-2.2.4.jar
Download https://repo.maven.apache.org/maven2/com/netflix/hystrix/hystrix-core/1.5.12/hystrix-core-1.5.12.jar
Download https://repo.maven.apache.org/maven2/com/netflix/archaius/archaius-core/0.7.4/archaius-core-0.7.4.jar
Download https://repo.maven.apache.org/maven2/com/fasterxml/jackson/core/jackson-databind/2.8.10/jackson-databind-2.8.10.jar
Download https://repo.maven.apache.org/maven2/org/springframework/spring-webmvc/4.3.12.RELEASE/spring-webmvc-4.3.12.RELEASE.jar
Download https://repo.maven.apache.org/maven2/org/springframework/spring-web/4.3.12.RELEASE/spring-web-4.3.12.RELEASE.jar
Download https://repo.maven.apache.org/maven2/org/hibernate/hibernate-entitymanager/5.0.12.Final/hibernate-entitymanager-5.0.12.Final.jar
Download https://repo.maven.apache.org/maven2/org/hibernate/hibernate-core/5.0.12.Final/hibernate-core-5.0.12.Final.jar
Download https://repo.maven.apache.org/maven2/javax/transaction/javax.transaction-api/1.2/javax.transaction-api-1.2.jar
Download https://repo.maven.apache.org/maven2/org/springframework/data/spring-data-jpa/1.11.8.RELEASE/spring-data-jpa-1.11.8.RELEASE.jar
Download https://repo.maven.apache.org/maven2/org/springframework/spring-aspects/4.3.12.RELEASE/spring-aspects-4.3.12.RELEASE.jar
Download https://repo.maven.apache.org/maven2/org/springframework/cloud/spring-cloud-netflix-eureka-client/1.4.0.RELEASE/spring-cloud-netflix-eureka-client-1.4.0.RELEASE.jar
Download https://repo.maven.apache.org/maven2/org/springframework/cloud/spring-cloud-netflix-core/1.4.0.RELEASE/spring-cloud-netflix-core-1.4.0.RELEASE.jar
Download https://repo.maven.apache.org/maven2/org/springframework/boot/spring-boot-autoconfigure/1.5.8.RELEASE/spring-boot-autoconfigure-1.5.8.RELEASE.jar
Download https://repo.maven.apache.org/maven2/org/springframework/boot/spring-boot/1.5.8.RELEASE/spring-boot-1.5.8.RELEASE.jar
Download https://repo.maven.apache.org/maven2/org/springframework/boot/spring-boot-starter-logging/1.5.8.RELEASE/spring-boot-starter-logging-1.5.8.RELEASE.jar
Download https://repo.maven.apache.org/maven2/org/springframework/spring-context/4.3.12.RELEASE/spring-context-4.3.12.RELEASE.jar
Download https://repo.maven.apache.org/maven2/org/springframework/spring-aop/4.3.12.RELEASE/spring-aop-4.3.12.RELEASE.jar
Download https://repo.maven.apache.org/maven2/org/springframework/spring-orm/4.3.12.RELEASE/spring-orm-4.3.12.RELEASE.jar
Download https://repo.maven.apache.org/maven2/org/springframework/spring-jdbc/4.3.12.RELEASE/spring-jdbc-4.3.12.RELEASE.jar
Download https://repo.maven.apache.org/maven2/org/springframework/data/spring-data-commons/1.13.8.RELEASE/spring-data-commons-1.13.8.RELEASE.jar
Download https://repo.maven.apache.org/maven2/org/springframework/spring-tx/4.3.12.RELEASE/spring-tx-4.3.12.RELEASE.jar
Download https://repo.maven.apache.org/maven2/org/springframework/spring-beans/4.3.12.RELEASE/spring-beans-4.3.12.RELEASE.jar
Download https://repo.maven.apache.org/maven2/org/springframework/spring-expression/4.3.12.RELEASE/spring-expression-4.3.12.RELEASE.jar
Download https://repo.maven.apache.org/maven2/org/springframework/spring-core/4.3.12.RELEASE/spring-core-4.3.12.RELEASE.jar
Download https://repo.maven.apache.org/maven2/org/yaml/snakeyaml/1.17/snakeyaml-1.17.jar
Download https://repo.maven.apache.org/maven2/com/thoughtworks/xstream/xstream/1.4.9/xstream-1.4.9.jar
Download https://repo.maven.apache.org/maven2/org/apache/tomcat/embed/tomcat-embed-websocket/8.5.23/tomcat-embed-websocket-8.5.23.jar
Download https://repo.maven.apache.org/maven2/org/apache/tomcat/embed/tomcat-embed-el/8.5.23/tomcat-embed-el-8.5.23.jar
Download https://repo.maven.apache.org/maven2/org/apache/tomcat/embed/tomcat-embed-core/8.5.23/tomcat-embed-core-8.5.23.jar
Download https://repo.maven.apache.org/maven2/javax/validation/validation-api/1.1.0.Final/validation-api-1.1.0.Final.jar
Download https://repo.maven.apache.org/maven2/org/hibernate/common/hibernate-commons-annotations/5.0.1.Final/hibernate-commons-annotations-5.0.1.Final.jar
Download https://repo.maven.apache.org/maven2/org/jboss/logging/jboss-logging/3.3.1.Final/jboss-logging-3.3.1.Final.jar
Download https://repo.maven.apache.org/maven2/com/fasterxml/classmate/1.3.4/classmate-1.3.4.jar
Download https://repo.maven.apache.org/maven2/com/fasterxml/jackson/core/jackson-annotations/2.8.0/jackson-annotations-2.8.0.jar
Download https://repo.maven.apache.org/maven2/com/fasterxml/jackson/core/jackson-core/2.8.10/jackson-core-2.8.10.jar
Download https://repo.maven.apache.org/maven2/org/aspectj/aspectjweaver/1.8.11/aspectjweaver-1.8.11.jar
Download https://repo.maven.apache.org/maven2/org/apache/tomcat/tomcat-jdbc/8.5.23/tomcat-jdbc-8.5.23.jar
Download https://repo.maven.apache.org/maven2/org/hibernate/javax/persistence/hibernate-jpa-2.1-api/1.0.0.Final/hibernate-jpa-2.1-api-1.0.0.Final.jar
Download https://repo.maven.apache.org/maven2/org/javassist/javassist/3.21.0-GA/javassist-3.21.0-GA.jar
Download https://repo.maven.apache.org/maven2/com/netflix/netflix-commons/netflix-infix/0.3.0/netflix-infix-0.3.0.jar
Download https://repo.maven.apache.org/maven2/org/antlr/antlr-runtime/3.4/antlr-runtime-3.4.jar
Download https://repo.maven.apache.org/maven2/org/antlr/stringtemplate/3.2.1/stringtemplate-3.2.1.jar
Download https://repo.maven.apache.org/maven2/antlr/antlr/2.7.7/antlr-2.7.7.jar
Download https://repo.maven.apache.org/maven2/org/jboss/jandex/2.0.0.Final/jandex-2.0.0.Final.jar
Download https://repo.maven.apache.org/maven2/dom4j/dom4j/1.6.1/dom4j-1.6.1.jar
Download https://repo.maven.apache.org/maven2/org/slf4j/jcl-over-slf4j/1.7.25/jcl-over-slf4j-1.7.25.jar
Download https://repo.maven.apache.org/maven2/org/slf4j/jul-to-slf4j/1.7.25/jul-to-slf4j-1.7.25.jar
Download https://repo.maven.apache.org/maven2/ch/qos/logback/logback-classic/1.1.11/logback-classic-1.1.11.jar
Download https://repo.maven.apache.org/maven2/org/slf4j/log4j-over-slf4j/1.7.25/log4j-over-slf4j-1.7.25.jar
Download https://repo.maven.apache.org/maven2/io/reactivex/rxnetty-contexts/0.4.9/rxnetty-contexts-0.4.9.jar
Download https://repo.maven.apache.org/maven2/io/reactivex/rxnetty/0.4.9/rxnetty-0.4.9.jar
Download https://repo.maven.apache.org/maven2/io/reactivex/rxnetty-servo/0.4.9/rxnetty-servo-0.4.9.jar
Download https://repo.maven.apache.org/maven2/com/netflix/servo/servo-core/0.10.1/servo-core-0.10.1.jar
Download https://repo.maven.apache.org/maven2/com/netflix/servo/servo-internal/0.10.1/servo-internal-0.10.1.jar
Download https://repo.maven.apache.org/maven2/com/netflix/netflix-commons/netflix-commons-util/0.1.1/netflix-commons-util-0.1.1.jar
Download https://repo.maven.apache.org/maven2/com/netflix/netflix-commons/netflix-statistics/0.1.1/netflix-statistics-0.1.1.jar
Download https://repo.maven.apache.org/maven2/org/slf4j/slf4j-api/1.7.25/slf4j-api-1.7.25.jar
Download https://repo.maven.apache.org/maven2/org/springframework/cloud/spring-cloud-context/1.3.0.RELEASE/spring-cloud-context-1.3.0.RELEASE.jar
Download https://repo.maven.apache.org/maven2/org/springframework/cloud/spring-cloud-commons/1.3.0.RELEASE/spring-cloud-commons-1.3.0.RELEASE.jar
Download https://repo.maven.apache.org/maven2/org/springframework/security/spring-security-rsa/1.0.3.RELEASE/spring-security-rsa-1.0.3.RELEASE.jar
Download https://repo.maven.apache.org/maven2/org/codehaus/jettison/jettison/1.3.7/jettison-1.3.7.jar
Download https://repo.maven.apache.org/maven2/com/sun/jersey/contribs/jersey-apache-client4/1.19.1/jersey-apache-client4-1.19.1.jar
Download https://repo.maven.apache.org/maven2/com/sun/jersey/jersey-client/1.19.1/jersey-client-1.19.1.jar
Download https://repo.maven.apache.org/maven2/javax/ws/rs/jsr311-api/1.1.1/jsr311-api-1.1.1.jar
Download https://repo.maven.apache.org/maven2/com/sun/jersey/jersey-core/1.19.1/jersey-core-1.19.1.jar
Download https://repo.maven.apache.org/maven2/org/apache/httpcomponents/httpclient/4.5.3/httpclient-4.5.3.jar
Download https://repo.maven.apache.org/maven2/com/google/inject/guice/4.1.0/guice-4.1.0.jar
Download https://repo.maven.apache.org/maven2/org/codehaus/woodstox/woodstox-core-asl/4.4.1/woodstox-core-asl-4.4.1.jar
Download https://repo.maven.apache.org/maven2/commons-configuration/commons-configuration/1.8/commons-configuration-1.8.jar
Download https://repo.maven.apache.org/maven2/com/google/guava/guava/18.0/guava-18.0.jar
Download https://repo.maven.apache.org/maven2/io/reactivex/rxjava/1.2.0/rxjava-1.2.0.jar
Download https://repo.maven.apache.org/maven2/xmlpull/xmlpull/1.1.3.1/xmlpull-1.1.3.1.jar
Download https://repo.maven.apache.org/maven2/xpp3/xpp3_min/1.1.4c/xpp3_min-1.1.4c.jar
Download https://repo.maven.apache.org/maven2/org/apache/tomcat/tomcat-annotations-api/8.5.23/tomcat-annotations-api-8.5.23.jar
Download https://repo.maven.apache.org/maven2/org/apache/tomcat/tomcat-juli/8.5.23/tomcat-juli-8.5.23.jar
Download https://repo.maven.apache.org/maven2/ch/qos/logback/logback-core/1.1.11/logback-core-1.1.11.jar
Download https://repo.maven.apache.org/maven2/org/springframework/security/spring-security-crypto/4.2.3.RELEASE/spring-security-crypto-4.2.3.RELEASE.jar
Download https://repo.maven.apache.org/maven2/stax/stax-api/1.0.1/stax-api-1.0.1.jar
Download https://repo.maven.apache.org/maven2/org/bouncycastle/bcpkix-jdk15on/1.55/bcpkix-jdk15on-1.55.jar
Download https://repo.maven.apache.org/maven2/org/apache/commons/commons-math/2.2/commons-math-2.2.jar
Download https://repo.maven.apache.org/maven2/org/apache/httpcomponents/httpcore/4.4.8/httpcore-4.4.8.jar
Download https://repo.maven.apache.org/maven2/commons-codec/commons-codec/1.10/commons-codec-1.10.jar
Download https://repo.maven.apache.org/maven2/javax/inject/javax.inject/1/javax.inject-1.jar
Download https://repo.maven.apache.org/maven2/aopalliance/aopalliance/1.0/aopalliance-1.0.jar
Download https://repo.maven.apache.org/maven2/javax/xml/stream/stax-api/1.0-2/stax-api-1.0-2.jar
Download https://repo.maven.apache.org/maven2/org/codehaus/woodstox/stax2-api/3.1.4/stax2-api-3.1.4.jar
Download https://repo.maven.apache.org/maven2/commons-lang/commons-lang/2.6/commons-lang-2.6.jar
Download https://repo.maven.apache.org/maven2/commons-collections/commons-collections/3.2.2/commons-collections-3.2.2.jar
Download https://repo.maven.apache.org/maven2/org/bouncycastle/bcprov-jdk15on/1.55/bcprov-jdk15on-1.55.jar
Download https://repo.maven.apache.org/maven2/commons-jxpath/commons-jxpath/1.3/commons-jxpath-1.3.jar
Download https://repo.maven.apache.org/maven2/joda-time/joda-time/2.9.9/joda-time-2.9.9.jar
Download https://repo.maven.apache.org/maven2/com/google/code/gson/gson/2.8.2/gson-2.8.2.jar
Download https://repo.maven.apache.org/maven2/org/hdrhistogram/HdrHistogram/2.1.9/HdrHistogram-2.1.9.jar
Download https://repo.maven.apache.org/maven2/io/netty/netty-codec-http/4.0.27.Final/netty-codec-http-4.0.27.Final.jar
Download https://repo.maven.apache.org/maven2/io/netty/netty-transport-native-epoll/4.0.27.Final/netty-transport-native-epoll-4.0.27.Final.jar
Download https://repo.maven.apache.org/maven2/io/netty/netty-handler/4.1.24.Final/netty-handler-4.1.24.Final.jar
Download https://repo.maven.apache.org/maven2/io/netty/netty-transport/4.1.24.Final/netty-transport-4.1.24.Final.jar
Download https://repo.maven.apache.org/maven2/io/netty/netty-codec/4.1.24.Final/netty-codec-4.1.24.Final.jar
Download https://repo.maven.apache.org/maven2/io/netty/netty-resolver/4.1.24.Final/netty-resolver-4.1.24.Final.jar
Download https://repo.maven.apache.org/maven2/io/netty/netty-buffer/4.1.24.Final/netty-buffer-4.1.24.Final.jar
Download https://repo.maven.apache.org/maven2/io/netty/netty-common/4.1.24.Final/netty-common-4.1.24.Final.jar
/users-api/src/main/java/com/example/usersapi/repositories/UserRepository.java:3: error: package com.example.usersapi.models does not exist
import com.example.usersapi.models.User;
                                  ^
/users-api/src/main/java/com/example/usersapi/repositories/UserRepository.java:12: error: cannot find symbol
public interface UserRepository extends CrudRepository<User, Long> {
                                                       ^
  symbol: class User
/users-api/src/main/java/com/example/usersapi/models/User.java:5: error: cannot find symbol
@Table(name = "USERS")
 ^
  symbol: class Table
/users-api/src/main/java/com/example/usersapi/controllers/UsersController.java:3: error: package com.example.usersapi.models does not exist
import com.example.usersapi.models.User;
                                  ^
/users-api/src/main/java/com/example/usersapi/controllers/UsersController.java:21: error: cannot find symbol
    public Iterable<User> findAllUsers() {
                    ^
  symbol:   class User
  location: class UsersController
/users-api/src/main/java/com/example/usersapi/controllers/UsersController.java:26: error: cannot find symbol
    public User findUserById(@PathVariable Long userId) throws NotFoundException {
           ^
  symbol:   class User
  location: class UsersController
/users-api/src/main/java/com/example/usersapi/controllers/UsersController.java:45: error: cannot find symbol
    public User createNewUser(@RequestBody User newUser) {
                                           ^
  symbol:   class User
  location: class UsersController
/users-api/src/main/java/com/example/usersapi/controllers/UsersController.java:45: error: cannot find symbol
    public User createNewUser(@RequestBody User newUser) {
           ^
  symbol:   class User
  location: class UsersController
/users-api/src/main/java/com/example/usersapi/controllers/UsersController.java:50: error: cannot find symbol
    public User updateUserById(@PathVariable Long userId, @RequestBody User userRequest) throws NotFoundException {
                                                                       ^
  symbol:   class User
  location: class UsersController
/users-api/src/main/java/com/example/usersapi/controllers/UsersController.java:50: error: cannot find symbol
    public User updateUserById(@PathVariable Long userId, @RequestBody User userRequest) throws NotFoundException {
           ^
  symbol:   class User
  location: class UsersController
/users-api/src/main/java/com/example/usersapi/models/User.java:8: error: cannot find symbol
    @Id
     ^
  symbol:   class Id
  location: class User
11 errors
:compileJava FAILED

FAILURE: Build failed with an exception.

* What went wrong:
Execution failed for task ':compileJava'.
> Compilation failed; see the compiler error output for details.

* Try:
Run with --stacktrace option to get the stack trace. Run with --info or --debug option to get more log output. Run with --scan to get full insights.

* Get more help at https://help.gradle.org

BUILD FAILED in 3m 19s
1 actionable task: 1 executed
06:59:25.083 [DEBUG] [org.gradle.launcher.daemon.server.exec.ExecuteBuild] The daemon has finished executing the build.
06:59:25.099 [DEBUG] [org.gradle.launcher.daemon.server.DaemonStateCoordinator] daemon is running. Sleeping until state changes.
06:59:25.103 [DEBUG] [org.gradle.launcher.daemon.server.DaemonStateCoordinator] Command execution: finished waiting for DaemonCommandExecution[command = Build{id=37c119d4-571c-498f-b6f0-bc08bc01dab3.1, currentDir=/users-api}, connection = DefaultDaemonConnection: socket connection from /127.0.0.1:46805 to /127.0.0.1:51292]. Result org.gradle.launcher.daemon.server.DaemonStateCoordinator@11d28f47 with state Busy
06:59:25.106 [DEBUG] [org.gradle.launcher.daemon.server.DaemonStateCoordinator] Command execution: completed DaemonCommandExecution[command = Build{id=37c119d4-571c-498f-b6f0-bc08bc01dab3.1, currentDir=/users-api}, connection = DefaultDaemonConnection: socket connection from /127.0.0.1:46805 to /127.0.0.1:51292]
06:59:25.109 [DEBUG] [org.gradle.launcher.daemon.server.DaemonStateCoordinator] resetting idle timer
06:59:25.113 [INFO] [org.gradle.launcher.daemon.server.DaemonRegistryUpdater] Marking the daemon as idle, address: [4f33245b-8298-4f5a-aeb8-82471f159857 port:46805, addresses:[/127.0.0.1]]
06:59:25.116 [DEBUG] [org.gradle.launcher.daemon.registry.PersistentDaemonRegistry] Marking busy by address: [4f33245b-8298-4f5a-aeb8-82471f159857 port:46805, addresses:[/127.0.0.1]]
06:59:25.122 [DEBUG] [org.gradle.cache.internal.DefaultFileLockManager] Waiting to acquire exclusive lock on daemon addresses registry.
06:59:25.127 [DEBUG] [org.gradle.cache.internal.DefaultFileLockManager] Lock acquired on daemon addresses registry.
06:59:25.141 [DEBUG] [org.gradle.cache.internal.DefaultFileLockManager] Releasing lock on daemon addresses registry.
06:59:25.146 [DEBUG] [org.gradle.launcher.daemon.server.DaemonStateCoordinator] daemon is running. Sleeping until state changes.
06:59:25.147 [DEBUG] [org.gradle.launcher.daemon.server.exec.ReturnResult] Daemon is dispatching the build result: Failure[value=org.gradle.initialization.ReportedException: org.gradle.internal.exceptions.LocationAwareException: Execution failed for task ':compileJava'.]
06:59:25.168 [DEBUG] [org.gradle.launcher.daemon.server.SynchronizedDispatchConnection] thread 13: dispatching class org.gradle.launcher.daemon.protocol.Failure
06:59:25.319 [DEBUG] [org.gradle.launcher.daemon.server.DefaultIncomingConnectionHandler] Finishing executing command: Build{id=37c119d4-571c-498f-b6f0-bc08bc01dab3.1, currentDir=/users-api}
06:59:25.417 [DEBUG] [org.gradle.launcher.daemon.server.SynchronizedDispatchConnection] thread 14: received class org.gradle.launcher.daemon.protocol.Finished
06:59:25.422 [DEBUG] [org.gradle.launcher.daemon.server.DefaultDaemonConnection] thread 14: Received non-IO message from client: org.gradle.launcher.daemon.protocol.Finished@17018944
06:59:25.430 [DEBUG] [org.gradle.internal.remote.internal.inet.SocketConnection] Discarding EOFException: java.io.EOFException
06:59:25.440 [DEBUG] [org.gradle.launcher.daemon.server.SynchronizedDispatchConnection] thread 14: received null
06:59:25.432 [DEBUG] [org.gradle.launcher.daemon.server.DefaultIncomingConnectionHandler] Received finished message: org.gradle.launcher.daemon.protocol.Finished@17018944
06:59:25.460 [DEBUG] [org.gradle.launcher.daemon.server.SynchronizedDispatchConnection] thread 13: stopping connection
06:59:25.445 [DEBUG] [org.gradle.launcher.daemon.server.DefaultDaemonConnection] thread 14: Received end-of-input from client.
06:59:25.485 [DEBUG] [org.gradle.launcher.daemon.server.SynchronizedDispatchConnection] thread 13: stopping connection
06:59:25.631 [DEBUG] [org.gradle.launcher.daemon.server.Daemon] DaemonExpirationPeriodicCheck running
06:59:25.636 [DEBUG] [org.gradle.cache.internal.DefaultFileLockManager] Waiting to acquire shared lock on daemon addresses registry.
06:59:25.639 [DEBUG] [org.gradle.cache.internal.DefaultFileLockManager] Lock acquired on daemon addresses registry.
06:59:25.643 [DEBUG] [org.gradle.cache.internal.DefaultFileLockManager] Releasing lock on daemon addresses registry.
06:59:25.649 [DEBUG] [org.gradle.cache.internal.DefaultFileLockManager] Waiting to acquire shared lock on daemon addresses registry.
06:59:25.654 [DEBUG] [org.gradle.cache.internal.DefaultFileLockManager] Lock acquired on daemon addresses registry.
06:59:25.657 [DEBUG] [org.gradle.cache.internal.DefaultFileLockManager] Releasing lock on daemon addresses registry.
